** Daemonized, any open files are closed.  Look at /home/thearmn/tmp/mongrel.8000.pid and log/mongrel.8000.log for info.
** Starting Mongrel listening at 66.216.93.185:8000
/usr/local/lib/ruby/gems/1.8/gems/mongrel-1.0.1/lib/mongrel/tcphack.rb:12:in `initialize_without_backlog': Address already in use - bind(2) (Errno::EADDRINUSE)
	from /usr/local/lib/ruby/gems/1.8/gems/mongrel-1.0.1/lib/mongrel/tcphack.rb:12:in `initialize'
	from /usr/local/lib/ruby/gems/1.8/gems/mongrel-1.0.1/lib/mongrel.rb:560:in `new'
	from /usr/local/lib/ruby/gems/1.8/gems/mongrel-1.0.1/lib/mongrel.rb:560:in `initialize'
	from /usr/local/lib/ruby/gems/1.8/gems/mongrel-1.0.1/lib/mongrel/configurator.rb:128:in `new'
	from /usr/local/lib/ruby/gems/1.8/gems/mongrel-1.0.1/lib/mongrel/configurator.rb:128:in `listener'
	from /usr/local/lib/ruby/gems/1.8/gems/mongrel-1.0.1/bin/mongrel_rails:98:in `cloaker_'
	from /usr/local/lib/ruby/gems/1.8/gems/mongrel-1.0.1/lib/mongrel/configurator.rb:51:in `call'
	from /usr/local/lib/ruby/gems/1.8/gems/mongrel-1.0.1/lib/mongrel/configurator.rb:51:in `initialize'
	from /usr/local/lib/ruby/gems/1.8/gems/mongrel-1.0.1/bin/mongrel_rails:83:in `new'
	from /usr/local/lib/ruby/gems/1.8/gems/mongrel-1.0.1/bin/mongrel_rails:83:in `run'
	from /usr/local/lib/ruby/gems/1.8/gems/mongrel-1.0.1/lib/mongrel/command.rb:211:in `run'
	from /usr/local/lib/ruby/gems/1.8/gems/mongrel-1.0.1/bin/mongrel_rails:243
	from /usr/local/bin/mongrel_rails:16:in `load'
	from /usr/local/bin/mongrel_rails:16
** Daemonized, any open files are closed.  Look at /home/thearmn/tmp/mongrel.8000.pid and log/mongrel.8000.log for info.
** Starting Mongrel listening at 66.216.93.185:8000
** Changing group to cust.
** Changing user to thearmn.
** Starting Rails with production environment...
** Rails loaded.
** Loading any Rails specific GemPlugins
** Signals ready.  TERM => stop.  USR2 => restart.  INT => stop (no restart).
** Rails signals registered.  HUP => reload (without restart).  It might not work well.
/usr/local/lib/ruby/site_ruby/1.8/rubygems/source_index.rb:92: command not found: /sbin/sysctl -nq net.inet.accf.http
** Mongrel available at 66.216.93.185:8000
** Writing PID file to /home/thearmn/tmp/mongrel.8000.pid
** TERM signal received.
** Daemonized, any open files are closed.  Look at /home/thearmn/tmp/mongrel.8000.pid and log/mongrel.8000.log for info.
** Starting Mongrel listening at 66.216.93.185:8000
** Changing group to cust.
** Changing user to thearmn.
** Starting Rails with production environment...
** Rails loaded.
** Loading any Rails specific GemPlugins
** Signals ready.  TERM => stop.  USR2 => restart.  INT => stop (no restart).
** Rails signals registered.  HUP => reload (without restart).  It might not work well.
** Mongrel available at 66.216.93.185:8000
** Writing PID file to /home/thearmn/tmp/mongrel.8000.pid
Error sending file /home/thearmn/thearm/public/images/loading.gif: Broken pipe
Error sending file /home/thearmn/thearm/public/images/loading.gif: Broken pipe
** Daemonized, any open files are closed.  Look at /home/thearmn/tmp/mongrel.8000.pid and log/mongrel.8000.log for info.
** Starting Mongrel listening at 66.216.93.185:8000
** Changing group to cust.
** Changing user to thearmn.
** Starting Rails with production environment...
** Rails loaded.
** Loading any Rails specific GemPlugins
** Signals ready.  TERM => stop.  USR2 => restart.  INT => stop (no restart).
** Rails signals registered.  HUP => reload (without restart).  It might not work well.
** Mongrel available at 66.216.93.185:8000
** Writing PID file to /home/thearmn/tmp/mongrel.8000.pid
** Daemonized, any open files are closed.  Look at /home/thearmn/tmp/mongrel.8000.pid and log/mongrel.8000.log for info.
** Starting Mongrel listening at 66.216.93.185:8000
** Changing group to cust.
** Changing user to thearmn.
** Starting Rails with production environment...
** Rails loaded.
** Loading any Rails specific GemPlugins
** Signals ready.  TERM => stop.  USR2 => restart.  INT => stop (no restart).
** Rails signals registered.  HUP => reload (without restart).  It might not work well.
** Mongrel available at 66.216.93.185:8000
** Writing PID file to /home/thearmn/tmp/mongrel.8000.pid
** Daemonized, any open files are closed.  Look at /home/thearmn/tmp/mongrel.8000.pid and log/mongrel.8000.log for info.
** Starting Mongrel listening at 66.216.93.185:8000
** Changing group to cust.
** Changing user to thearmn.
** Starting Rails with production environment...
** Rails loaded.
** Loading any Rails specific GemPlugins
** Signals ready.  TERM => stop.  USR2 => restart.  INT => stop (no restart).
** Rails signals registered.  HUP => reload (without restart).  It might not work well.
** Mongrel available at 66.216.93.185:8000
** Writing PID file to /home/thearmn/tmp/mongrel.8000.pid
** TERM signal received.
** Daemonized, any open files are closed.  Look at /home/thearmn/tmp/mongrel.8000.pid and log/mongrel.8000.log for info.
** Starting Mongrel listening at 66.216.93.185:8000
** Changing group to cust.
** Changing user to thearmn.
** Starting Rails with production environment...
** Rails loaded.
** Loading any Rails specific GemPlugins
** Signals ready.  TERM => stop.  USR2 => restart.  INT => stop (no restart).
** Rails signals registered.  HUP => reload (without restart).  It might not work well.
** Mongrel available at 66.216.93.185:8000
** Writing PID file to /home/thearmn/tmp/mongrel.8000.pid
** Daemonized, any open files are closed.  Look at /home/thearmn/tmp/mongrel.8000.pid and log/mongrel.8000.log for info.
** Starting Mongrel listening at 66.216.93.185:8000
** Changing group to cust.
** Changing user to thearmn.
** Starting Rails with production environment...
** Rails loaded.
** Loading any Rails specific GemPlugins
** Signals ready.  TERM => stop.  USR2 => restart.  INT => stop (no restart).
** Rails signals registered.  HUP => reload (without restart).  It might not work well.
** Mongrel available at 66.216.93.185:8000
** Writing PID file to /home/thearmn/tmp/mongrel.8000.pid
Error sending file /home/thearmn/thearm/public/stylesheets/front.css: Broken pipe
** TERM signal received.
** Daemonized, any open files are closed.  Look at /home/thearmn/tmp/mongrel.8000.pid and log/mongrel.8000.log for info.
** Starting Mongrel listening at 66.216.93.185:8000
** Changing group to cust.
** Changing user to thearmn.
** Starting Rails with production environment...
** Rails loaded.
** Loading any Rails specific GemPlugins
** Signals ready.  TERM => stop.  USR2 => restart.  INT => stop (no restart).
** Rails signals registered.  HUP => reload (without restart).  It might not work well.
** Mongrel available at 66.216.93.185:8000
** Writing PID file to /home/thearmn/tmp/mongrel.8000.pid
** Daemonized, any open files are closed.  Look at /home/thearmn/tmp/mongrel.8000.pid and log/mongrel.8000.log for info.
** Starting Mongrel listening at 66.216.93.185:8000
/usr/local/lib/ruby/gems/1.8/gems/mongrel-1.0.1/lib/mongrel/tcphack.rb:12:in `initialize_without_backlog': Address already in use - bind(2) (Errno::EADDRINUSE)
	from /usr/local/lib/ruby/gems/1.8/gems/mongrel-1.0.1/lib/mongrel/tcphack.rb:12:in `initialize'
	from /usr/local/lib/ruby/gems/1.8/gems/mongrel-1.0.1/lib/mongrel.rb:560:in `new'
	from /usr/local/lib/ruby/gems/1.8/gems/mongrel-1.0.1/lib/mongrel.rb:560:in `initialize'
	from /usr/local/lib/ruby/gems/1.8/gems/mongrel-1.0.1/lib/mongrel/configurator.rb:128:in `new'
	from /usr/local/lib/ruby/gems/1.8/gems/mongrel-1.0.1/lib/mongrel/configurator.rb:128:in `listener'
	from /usr/local/lib/ruby/gems/1.8/gems/mongrel-1.0.1/bin/mongrel_rails:98:in `cloaker_'
	from /usr/local/lib/ruby/gems/1.8/gems/mongrel-1.0.1/lib/mongrel/configurator.rb:51:in `call'
	from /usr/local/lib/ruby/gems/1.8/gems/mongrel-1.0.1/lib/mongrel/configurator.rb:51:in `initialize'
	from /usr/local/lib/ruby/gems/1.8/gems/mongrel-1.0.1/bin/mongrel_rails:83:in `new'
	from /usr/local/lib/ruby/gems/1.8/gems/mongrel-1.0.1/bin/mongrel_rails:83:in `run'
	from /usr/local/lib/ruby/gems/1.8/gems/mongrel-1.0.1/lib/mongrel/command.rb:211:in `run'
	from /usr/local/lib/ruby/gems/1.8/gems/mongrel-1.0.1/bin/mongrel_rails:243
	from /usr/local/bin/mongrel_rails:16:in `load'
	from /usr/local/bin/mongrel_rails:16
** Daemonized, any open files are closed.  Look at /home/thearmn/tmp/mongrel.8000.pid and log/mongrel.8000.log for info.
** Starting Mongrel listening at 66.216.93.185:8000
/usr/local/lib/ruby/gems/1.8/gems/mongrel-1.0.1/lib/mongrel/tcphack.rb:12:in `initialize_without_backlog': Address already in use - bind(2) (Errno::EADDRINUSE)
	from /usr/local/lib/ruby/gems/1.8/gems/mongrel-1.0.1/lib/mongrel/tcphack.rb:12:in `initialize'
	from /usr/local/lib/ruby/gems/1.8/gems/mongrel-1.0.1/lib/mongrel.rb:560:in `new'
	from /usr/local/lib/ruby/gems/1.8/gems/mongrel-1.0.1/lib/mongrel.rb:560:in `initialize'
	from /usr/local/lib/ruby/gems/1.8/gems/mongrel-1.0.1/lib/mongrel/configurator.rb:128:in `new'
	from /usr/local/lib/ruby/gems/1.8/gems/mongrel-1.0.1/lib/mongrel/configurator.rb:128:in `listener'
	from /usr/local/lib/ruby/gems/1.8/gems/mongrel-1.0.1/bin/mongrel_rails:98:in `cloaker_'
	from /usr/local/lib/ruby/gems/1.8/gems/mongrel-1.0.1/lib/mongrel/configurator.rb:51:in `call'
	from /usr/local/lib/ruby/gems/1.8/gems/mongrel-1.0.1/lib/mongrel/configurator.rb:51:in `initialize'
	from /usr/local/lib/ruby/gems/1.8/gems/mongrel-1.0.1/bin/mongrel_rails:83:in `new'
	from /usr/local/lib/ruby/gems/1.8/gems/mongrel-1.0.1/bin/mongrel_rails:83:in `run'
	from /usr/local/lib/ruby/gems/1.8/gems/mongrel-1.0.1/lib/mongrel/command.rb:211:in `run'
	from /usr/local/lib/ruby/gems/1.8/gems/mongrel-1.0.1/bin/mongrel_rails:243
	from /usr/local/bin/mongrel_rails:16:in `load'
	from /usr/local/bin/mongrel_rails:16
** Daemonized, any open files are closed.  Look at /home/thearmn/tmp/mongrel.8000.pid and log/mongrel.8000.log for info.
** Starting Mongrel listening at 66.216.93.185:8000
/usr/local/lib/ruby/gems/1.8/gems/mongrel-1.0.1/lib/mongrel/tcphack.rb:12:in `initialize_without_backlog': Address already in use - bind(2) (Errno::EADDRINUSE)
	from /usr/local/lib/ruby/gems/1.8/gems/mongrel-1.0.1/lib/mongrel/tcphack.rb:12:in `initialize'
	from /usr/local/lib/ruby/gems/1.8/gems/mongrel-1.0.1/lib/mongrel.rb:560:in `new'
	from /usr/local/lib/ruby/gems/1.8/gems/mongrel-1.0.1/lib/mongrel.rb:560:in `initialize'
	from /usr/local/lib/ruby/gems/1.8/gems/mongrel-1.0.1/lib/mongrel/configurator.rb:128:in `new'
	from /usr/local/lib/ruby/gems/1.8/gems/mongrel-1.0.1/lib/mongrel/configurator.rb:128:in `listener'
	from /usr/local/lib/ruby/gems/1.8/gems/mongrel-1.0.1/bin/mongrel_rails:98:in `cloaker_'
	from /usr/local/lib/ruby/gems/1.8/gems/mongrel-1.0.1/lib/mongrel/configurator.rb:51:in `call'
	from /usr/local/lib/ruby/gems/1.8/gems/mongrel-1.0.1/lib/mongrel/configurator.rb:51:in `initialize'
	from /usr/local/lib/ruby/gems/1.8/gems/mongrel-1.0.1/bin/mongrel_rails:83:in `new'
	from /usr/local/lib/ruby/gems/1.8/gems/mongrel-1.0.1/bin/mongrel_rails:83:in `run'
	from /usr/local/lib/ruby/gems/1.8/gems/mongrel-1.0.1/lib/mongrel/command.rb:211:in `run'
	from /usr/local/lib/ruby/gems/1.8/gems/mongrel-1.0.1/bin/mongrel_rails:243
	from /usr/local/bin/mongrel_rails:16:in `load'
	from /usr/local/bin/mongrel_rails:16
** USR2 signal received.
** Restarting with arguments:  ruby /usr/local/lib/ruby/gems/1.8/gems/mongrel-1.0.1/bin/mongrel_rails start -d -e production -a 66.216.93.185 -c /home/thearmn/thearm --user thearmn --group cust -p 8000 -P /home/thearmn/tmp/mongrel.8000.pid -l log/mongrel.8000.log
** Daemonized, any open files are closed.  Look at /home/thearmn/tmp/mongrel.8000.pid and log/mongrel.8000.log for info.
** Starting Mongrel listening at 66.216.93.185:8000
** Changing group to cust.
** Changing user to thearmn.
** Starting Rails with production environment...
** Rails loaded.
** Loading any Rails specific GemPlugins
** Signals ready.  TERM => stop.  USR2 => restart.  INT => stop (no restart).
** Rails signals registered.  HUP => reload (without restart).  It might not work well.
** Mongrel available at 66.216.93.185:8000
** Writing PID file to /home/thearmn/tmp/mongrel.8000.pid
** TERM signal received.
** Daemonized, any open files are closed.  Look at /home/thearmn/tmp/mongrel.8000.pid and log/mongrel.8000.log for info.
** Starting Mongrel listening at 66.216.93.185:8000
** Changing group to cust.
** Changing user to thearmn.
** Starting Rails with production environment...
** Rails loaded.
** Loading any Rails specific GemPlugins
** Signals ready.  TERM => stop.  USR2 => restart.  INT => stop (no restart).
** Rails signals registered.  HUP => reload (without restart).  It might not work well.
** Mongrel available at 66.216.93.185:8000
** Writing PID file to /home/thearmn/tmp/mongrel.8000.pid
** TERM signal received.
** Daemonized, any open files are closed.  Look at /home/thearmn/tmp/mongrel.8000.pid and log/mongrel.8000.log for info.
** Starting Mongrel listening at 66.216.93.185:8000
** Changing group to cust.
** Changing user to thearmn.
** Starting Rails with production environment...
** Rails loaded.
** Loading any Rails specific GemPlugins
** Signals ready.  TERM => stop.  USR2 => restart.  INT => stop (no restart).
** Rails signals registered.  HUP => reload (without restart).  It might not work well.
** Mongrel available at 66.216.93.185:8000
** Writing PID file to /home/thearmn/tmp/mongrel.8000.pid
Error sending file /home/thearmn/thearm/public/javascripts/dragdrop.js: Broken pipe
Error sending file /home/thearmn/thearm/public/javascripts/dragdrop.js: Broken pipe
Error sending file /home/thearmn/thearm/public/images/loading.gif: Connection reset by peer
Error sending file /home/thearmn/thearm/public/images/loading.gif: Broken pipe
Error sending file /home/thearmn/thearm/public/images/loading.gif: Broken pipe
** Daemonized, any open files are closed.  Look at /home/thearmn/tmp/mongrel.8000.pid and log/mongrel.8000.log for info.
** Starting Mongrel listening at 66.216.93.185:8000
** Changing group to cust.
** Changing user to thearmn.
** Starting Rails with production environment...
** Rails loaded.
** Loading any Rails specific GemPlugins
** Signals ready.  TERM => stop.  USR2 => restart.  INT => stop (no restart).
** Rails signals registered.  HUP => reload (without restart).  It might not work well.
** Mongrel available at 66.216.93.185:8000
** Writing PID file to /home/thearmn/tmp/mongrel.8000.pid
** Daemonized, any open files are closed.  Look at /home/thearmn/tmp/mongrel.8000.pid and log/mongrel.8000.log for info.
** Starting Mongrel listening at 66.216.93.185:8000
** Changing group to cust.
** Changing user to thearmn.
** Starting Rails with production environment...
** Rails loaded.
** Loading any Rails specific GemPlugins
** Signals ready.  TERM => stop.  USR2 => restart.  INT => stop (no restart).
** Rails signals registered.  HUP => reload (without restart).  It might not work well.
** Mongrel available at 66.216.93.185:8000
** Writing PID file to /home/thearmn/tmp/mongrel.8000.pid
** Daemonized, any open files are closed.  Look at /home/thearmn/tmp/mongrel.8000.pid and log/mongrel.8000.log for info.
** Starting Mongrel listening at 66.216.93.185:8000
** Changing group to cust.
** Changing user to thearmn.
** Starting Rails with production environment...
** Rails loaded.
** Loading any Rails specific GemPlugins
** Signals ready.  TERM => stop.  USR2 => restart.  INT => stop (no restart).
** Rails signals registered.  HUP => reload (without restart).  It might not work well.
** Mongrel available at 66.216.93.185:8000
** Writing PID file to /home/thearmn/tmp/mongrel.8000.pid
** Daemonized, any open files are closed.  Look at /home/thearmn/tmp/mongrel.8000.pid and log/mongrel.8000.log for info.
** Starting Mongrel listening at 66.216.93.185:8000
** Changing group to cust.
** Changing user to thearmn.
** Starting Rails with production environment...
** Rails loaded.
** Loading any Rails specific GemPlugins
** Signals ready.  TERM => stop.  USR2 => restart.  INT => stop (no restart).
** Rails signals registered.  HUP => reload (without restart).  It might not work well.
** Mongrel available at 66.216.93.185:8000
** Writing PID file to /home/thearmn/tmp/mongrel.8000.pid
** Daemonized, any open files are closed.  Look at /home/thearmn/tmp/mongrel.8000.pid and log/mongrel.8000.log for info.
** Starting Mongrel listening at 66.216.93.185:8000
** Changing group to cust.
** Changing user to thearmn.
** Starting Rails with production environment...
** Rails loaded.
** Loading any Rails specific GemPlugins
** Signals ready.  TERM => stop.  USR2 => restart.  INT => stop (no restart).
** Rails signals registered.  HUP => reload (without restart).  It might not work well.
** Mongrel available at 66.216.93.185:8000
** Writing PID file to /home/thearmn/tmp/mongrel.8000.pid
** TERM signal received.
** Daemonized, any open files are closed.  Look at /home/thearmn/tmp/mongrel.8000.pid and log/mongrel.8000.log for info.
** Starting Mongrel listening at 66.216.93.185:8000
** Changing group to cust.
** Changing user to thearmn.
** Starting Rails with production environment...
** Rails loaded.
** Loading any Rails specific GemPlugins
** Signals ready.  TERM => stop.  USR2 => restart.  INT => stop (no restart).
** Rails signals registered.  HUP => reload (without restart).  It might not work well.
** Mongrel available at 66.216.93.185:8000
** Writing PID file to /home/thearmn/tmp/mongrel.8000.pid
** Daemonized, any open files are closed.  Look at /home/thearmn/tmp/mongrel.8000.pid and log/mongrel.8000.log for info.
** Starting Mongrel listening at 66.216.93.185:8000
** Changing group to cust.
** Changing user to thearmn.
** Starting Rails with production environment...
** Rails loaded.
** Loading any Rails specific GemPlugins
** Signals ready.  TERM => stop.  USR2 => restart.  INT => stop (no restart).
** Rails signals registered.  HUP => reload (without restart).  It might not work well.
** Mongrel available at 66.216.93.185:8000
** Writing PID file to /home/thearmn/tmp/mongrel.8000.pid
Wed Nov 28 02:02:29 -0500 2007: ERROR: bad URI(is not URI?): 216.39.53.2:25
Error sending file /home/thearmn/thearm/public/stylesheets/front.css: Broken pipeError sending file /home/thearmn/thearm/public/stylesheets/lightbox.css: Broken pipe

** Daemonized, any open files are closed.  Look at /home/thearmn/tmp/mongrel.8000.pid and log/mongrel.8000.log for info.
** Starting Mongrel listening at 66.216.93.185:8000
** Changing group to cust.
** Changing user to thearmn.
** Starting Rails with production environment...
** Rails loaded.
** Loading any Rails specific GemPlugins
** Signals ready.  TERM => stop.  USR2 => restart.  INT => stop (no restart).
** Rails signals registered.  HUP => reload (without restart).  It might not work well.
** Mongrel available at 66.216.93.185:8000
** Writing PID file to /home/thearmn/tmp/mongrel.8000.pid
** TERM signal received.
** Daemonized, any open files are closed.  Look at /home/thearmn/tmp/mongrel.8000.pid and log/mongrel.8000.log for info.
** Starting Mongrel listening at 66.216.93.185:8000
** Changing group to cust.
** Changing user to thearmn.
** Starting Rails with production environment...
** Rails loaded.
** Loading any Rails specific GemPlugins
** Signals ready.  TERM => stop.  USR2 => restart.  INT => stop (no restart).
** Rails signals registered.  HUP => reload (without restart).  It might not work well.
** Mongrel available at 66.216.93.185:8000
** Writing PID file to /home/thearmn/tmp/mongrel.8000.pid
Error sending file /home/thearmn/thearm/public/plane/image/10/square/PRINT_Bring_head_colonel_big.jpg: Broken pipeError sending file /home/thearmn/thearm/public/plane/image/9/square/PRINT_dorothy_big.jpg: Broken pipe

** Daemonized, any open files are closed.  Look at /home/thearmn/tmp/mongrel.8000.pid and log/mongrel.8000.log for info.
** Starting Mongrel listening at 66.216.93.185:8000
** Initiating groups for "thearmn":"cust".
** Changing group to "cust".
** Changing user to "thearmn".
** Starting Rails with production environment...
** Rails loaded.
** Loading any Rails specific GemPlugins
** Signals ready.  TERM => stop.  USR2 => restart.  INT => stop (no restart).
** Rails signals registered.  HUP => reload (without restart).  It might not work well.
** Mongrel 1.1.1 available at 66.216.93.185:8000
** Writing PID file to /home/thearmn/tmp/mongrel.8000.pid
** Daemonized, any open files are closed.  Look at /home/thearmn/tmp/mongrel.8000.pid and log/mongrel.8000.log for info.
** Starting Mongrel listening at 66.216.93.185:8000
/usr/local/lib/ruby/gems/1.8/gems/mongrel-1.1.1/bin/../lib/mongrel/tcphack.rb:12:in `initialize_without_backlog': Address already in use - bind(2) (Errno::EADDRINUSE)
	from /usr/local/lib/ruby/gems/1.8/gems/mongrel-1.1.1/bin/../lib/mongrel/tcphack.rb:12:in `initialize'
	from /usr/local/lib/ruby/gems/1.8/gems/mongrel-1.1.1/bin/../lib/mongrel.rb:89:in `new'
	from /usr/local/lib/ruby/gems/1.8/gems/mongrel-1.1.1/bin/../lib/mongrel.rb:89:in `initialize'
	from /usr/local/lib/ruby/gems/1.8/gems/mongrel-1.1.1/bin/../lib/mongrel/configurator.rb:139:in `new'
	from /usr/local/lib/ruby/gems/1.8/gems/mongrel-1.1.1/bin/../lib/mongrel/configurator.rb:139:in `listener'
	from /usr/local/lib/ruby/gems/1.8/gems/mongrel-1.1.1/bin/mongrel_rails:99:in `cloaker_'
	from /usr/local/lib/ruby/gems/1.8/gems/mongrel-1.1.1/bin/../lib/mongrel/configurator.rb:50:in `call'
	from /usr/local/lib/ruby/gems/1.8/gems/mongrel-1.1.1/bin/../lib/mongrel/configurator.rb:50:in `initialize'
	from /usr/local/lib/ruby/gems/1.8/gems/mongrel-1.1.1/bin/mongrel_rails:84:in `new'
	from /usr/local/lib/ruby/gems/1.8/gems/mongrel-1.1.1/bin/mongrel_rails:84:in `run'
	from /usr/local/lib/ruby/gems/1.8/gems/mongrel-1.1.1/bin/../lib/mongrel/command.rb:212:in `run'
	from /usr/local/lib/ruby/gems/1.8/gems/mongrel-1.1.1/bin/mongrel_rails:281
	from /usr/local/bin/mongrel_rails:16:in `load'
	from /usr/local/bin/mongrel_rails:16
** Daemonized, any open files are closed.  Look at /home/thearmn/tmp/mongrel.8000.pid and log/mongrel.8000.log for info.
** Starting Mongrel listening at 66.216.93.185:8000
/usr/local/lib/ruby/gems/1.8/gems/mongrel-1.1.1/bin/../lib/mongrel/tcphack.rb:12:in `initialize_without_backlog': Address already in use - bind(2) (Errno::EADDRINUSE)
	from /usr/local/lib/ruby/gems/1.8/gems/mongrel-1.1.1/bin/../lib/mongrel/tcphack.rb:12:in `initialize'
	from /usr/local/lib/ruby/gems/1.8/gems/mongrel-1.1.1/bin/../lib/mongrel.rb:89:in `new'
	from /usr/local/lib/ruby/gems/1.8/gems/mongrel-1.1.1/bin/../lib/mongrel.rb:89:in `initialize'
	from /usr/local/lib/ruby/gems/1.8/gems/mongrel-1.1.1/bin/../lib/mongrel/configurator.rb:139:in `new'
	from /usr/local/lib/ruby/gems/1.8/gems/mongrel-1.1.1/bin/../lib/mongrel/configurator.rb:139:in `listener'
	from /usr/local/lib/ruby/gems/1.8/gems/mongrel-1.1.1/bin/mongrel_rails:99:in `cloaker_'
	from /usr/local/lib/ruby/gems/1.8/gems/mongrel-1.1.1/bin/../lib/mongrel/configurator.rb:50:in `call'
	from /usr/local/lib/ruby/gems/1.8/gems/mongrel-1.1.1/bin/../lib/mongrel/configurator.rb:50:in `initialize'
	from /usr/local/lib/ruby/gems/1.8/gems/mongrel-1.1.1/bin/mongrel_rails:84:in `new'
	from /usr/local/lib/ruby/gems/1.8/gems/mongrel-1.1.1/bin/mongrel_rails:84:in `run'
	from /usr/local/lib/ruby/gems/1.8/gems/mongrel-1.1.1/bin/../lib/mongrel/command.rb:212:in `run'
	from /usr/local/lib/ruby/gems/1.8/gems/mongrel-1.1.1/bin/mongrel_rails:281
	from /usr/local/bin/mongrel_rails:16:in `load'
	from /usr/local/bin/mongrel_rails:16
** Daemonized, any open files are closed.  Look at /home/thearmn/tmp/mongrel.8000.pid and log/mongrel.8000.log for info.
** Starting Mongrel listening at 66.216.93.185:8000
/usr/local/lib/ruby/gems/1.8/gems/mongrel-1.1.1/bin/../lib/mongrel/tcphack.rb:12:in `initialize_without_backlog': Address already in use - bind(2) (Errno::EADDRINUSE)
	from /usr/local/lib/ruby/gems/1.8/gems/mongrel-1.1.1/bin/../lib/mongrel/tcphack.rb:12:in `initialize'
	from /usr/local/lib/ruby/gems/1.8/gems/mongrel-1.1.1/bin/../lib/mongrel.rb:89:in `new'
	from /usr/local/lib/ruby/gems/1.8/gems/mongrel-1.1.1/bin/../lib/mongrel.rb:89:in `initialize'
	from /usr/local/lib/ruby/gems/1.8/gems/mongrel-1.1.1/bin/../lib/mongrel/configurator.rb:139:in `new'
	from /usr/local/lib/ruby/gems/1.8/gems/mongrel-1.1.1/bin/../lib/mongrel/configurator.rb:139:in `listener'
	from /usr/local/lib/ruby/gems/1.8/gems/mongrel-1.1.1/bin/mongrel_rails:99:in `cloaker_'
	from /usr/local/lib/ruby/gems/1.8/gems/mongrel-1.1.1/bin/../lib/mongrel/configurator.rb:50:in `call'
	from /usr/local/lib/ruby/gems/1.8/gems/mongrel-1.1.1/bin/../lib/mongrel/configurator.rb:50:in `initialize'
	from /usr/local/lib/ruby/gems/1.8/gems/mongrel-1.1.1/bin/mongrel_rails:84:in `new'
	from /usr/local/lib/ruby/gems/1.8/gems/mongrel-1.1.1/bin/mongrel_rails:84:in `run'
	from /usr/local/lib/ruby/gems/1.8/gems/mongrel-1.1.1/bin/../lib/mongrel/command.rb:212:in `run'
	from /usr/local/lib/ruby/gems/1.8/gems/mongrel-1.1.1/bin/mongrel_rails:281
	from /usr/local/bin/mongrel_rails:16:in `load'
	from /usr/local/bin/mongrel_rails:16
** Daemonized, any open files are closed.  Look at /home/thearmn/tmp/mongrel.8000.pid and log/mongrel.8000.log for info.
** Starting Mongrel listening at 66.216.93.185:8000
** Initiating groups for "thearmn":"cust".
** Changing group to "cust".
** Changing user to "thearmn".
** Starting Rails with production environment...
** Rails loaded.
** Loading any Rails specific GemPlugins
** Signals ready.  TERM => stop.  USR2 => restart.  INT => stop (no restart).
** Rails signals registered.  HUP => reload (without restart).  It might not work well.
** Mongrel 1.1.1 available at 66.216.93.185:8000
** Writing PID file to /home/thearmn/tmp/mongrel.8000.pid
Sat Jan 05 01:48:54 -0500 2008: HTTP parse error, malformed request (210.90.94.2): #<Mongrel::HttpParserError: Invalid HTTP format, parsing fails.>
Sat Jan 05 01:48:54 -0500 2008: REQUEST DATA: "\005\002\000\002"
---
PARAMS: {}
---
Sat Jan 05 01:48:55 -0500 2008: HTTP parse error, malformed request (210.90.94.2): #<Mongrel::HttpParserError: Invalid HTTP format, parsing fails.>
Sat Jan 05 01:48:55 -0500 2008: REQUEST DATA: "\004\001\001\273\320K\374\032firefox\000"
---
PARAMS: {}
---
Sat Jan 05 01:48:55 -0500 2008: Read error: #<URI::InvalidURIError: bad URI(is not URI?): 208.75.252.26:443>
/usr/local/lib/ruby/1.8/uri/common.rb:436:in `split'
/usr/local/lib/ruby/1.8/uri/common.rb:485:in `parse'
/usr/local/lib/ruby/gems/1.8/gems/mongrel-1.1.1/bin/../lib/mongrel.rb:123:in `process_client'
/usr/local/lib/ruby/gems/1.8/gems/mongrel-1.1.1/bin/../lib/mongrel.rb:281:in `run'
/usr/local/lib/ruby/gems/1.8/gems/mongrel-1.1.1/bin/../lib/mongrel.rb:281:in `initialize'
/usr/local/lib/ruby/gems/1.8/gems/mongrel-1.1.1/bin/../lib/mongrel.rb:281:in `new'
/usr/local/lib/ruby/gems/1.8/gems/mongrel-1.1.1/bin/../lib/mongrel.rb:281:in `run'
/usr/local/lib/ruby/gems/1.8/gems/mongrel-1.1.1/bin/../lib/mongrel.rb:264:in `initialize'
/usr/local/lib/ruby/gems/1.8/gems/mongrel-1.1.1/bin/../lib/mongrel.rb:264:in `new'
/usr/local/lib/ruby/gems/1.8/gems/mongrel-1.1.1/bin/../lib/mongrel.rb:264:in `run'
/usr/local/lib/ruby/gems/1.8/gems/mongrel-1.1.1/bin/../lib/mongrel/configurator.rb:282:in `run'
/usr/local/lib/ruby/gems/1.8/gems/mongrel-1.1.1/bin/../lib/mongrel/configurator.rb:281:in `each'
/usr/local/lib/ruby/gems/1.8/gems/mongrel-1.1.1/bin/../lib/mongrel/configurator.rb:281:in `run'
/usr/local/lib/ruby/gems/1.8/gems/mongrel-1.1.1/bin/mongrel_rails:128:in `run'
/usr/local/lib/ruby/gems/1.8/gems/mongrel-1.1.1/bin/../lib/mongrel/command.rb:212:in `run'
/usr/local/lib/ruby/gems/1.8/gems/mongrel-1.1.1/bin/mongrel_rails:281
/usr/local/bin/mongrel_rails:16:in `load'
/usr/local/bin/mongrel_rails:16
Error sending file /home/thearmn/thearm/public/plane/image/14/square/586021087_6a6ecf09d7.jpg: Broken pipe
Error sending file /home/thearmn/thearm/public/plane/image/7/square/PRINT_GENTLE_LAXETTES_big.jpg: Broken pipe
Error sending file /home/thearmn/thearm/public/plane/image/10/square/PRINT_Bring_head_colonel_big.jpg: Broken pipeError sending file /home/thearmn/thearm/public/plane/image/8/square/PRINT_KMART_AFTER_DARK_big.jpg: Broken pipe

Error sending file /home/thearmn/thearm/public/plane/image/1/square/1.jpg: Broken pipe
Error sending file /home/thearmn/thearm/public/javascripts/controls.js: Broken pipe
Tue Jan 22 08:56:24 -0500 2008: Read error: #<RuntimeError: No REQUEST PATH>
/usr/local/lib/ruby/gems/1.8/gems/mongrel-1.1.1/bin/../lib/mongrel.rb:127:in `process_client'
/usr/local/lib/ruby/gems/1.8/gems/mongrel-1.1.1/bin/../lib/mongrel.rb:281:in `run'
/usr/local/lib/ruby/gems/1.8/gems/mongrel-1.1.1/bin/../lib/mongrel.rb:281:in `initialize'
/usr/local/lib/ruby/gems/1.8/gems/mongrel-1.1.1/bin/../lib/mongrel.rb:281:in `new'
/usr/local/lib/ruby/gems/1.8/gems/mongrel-1.1.1/bin/../lib/mongrel.rb:281:in `run'
/usr/local/lib/ruby/gems/1.8/gems/mongrel-1.1.1/bin/../lib/mongrel.rb:264:in `initialize'
/usr/local/lib/ruby/gems/1.8/gems/mongrel-1.1.1/bin/../lib/mongrel.rb:264:in `new'
/usr/local/lib/ruby/gems/1.8/gems/mongrel-1.1.1/bin/../lib/mongrel.rb:264:in `run'
/usr/local/lib/ruby/gems/1.8/gems/mongrel-1.1.1/bin/../lib/mongrel/configurator.rb:282:in `run'
/usr/local/lib/ruby/gems/1.8/gems/mongrel-1.1.1/bin/../lib/mongrel/configurator.rb:281:in `each'
/usr/local/lib/ruby/gems/1.8/gems/mongrel-1.1.1/bin/../lib/mongrel/configurator.rb:281:in `run'
/usr/local/lib/ruby/gems/1.8/gems/mongrel-1.1.1/bin/mongrel_rails:128:in `run'
/usr/local/lib/ruby/gems/1.8/gems/mongrel-1.1.1/bin/../lib/mongrel/command.rb:212:in `run'
/usr/local/lib/ruby/gems/1.8/gems/mongrel-1.1.1/bin/mongrel_rails:281
/usr/local/bin/mongrel_rails:16:in `load'
/usr/local/bin/mongrel_rails:16
Error sending file /home/thearmn/thearm/public/rotate/logo.png: Broken pipe
Sun Jan 27 03:58:45 -0500 2008: HTTP parse error, malformed request (66.216.93.185): #<Mongrel::HttpParserError: Invalid HTTP format, parsing fails.>
Sun Jan 27 03:58:45 -0500 2008: REQUEST DATA: "GET / HTTP/1.1\r\nHost: 66.216.93.185:8000\r\nAccept: text/html\r\nCache-Control: no-cache, no-cache\r\nUser-Agent: Mozilla/4.0 (compatible; MSIE 5.0; Windows NT)\r\nPragma: no-cache\r\nConex\343o: fechada\r\nMax-Forwards: 10\r\nX-Forwarded-For: 189.18.58.218\r\nX-Forwarded-Host: thearmnyc.com\r\nX-Forwarded-Server: thearmnyc.com\r\nConnection: Keep-Alive\r\n\r\n"
---
PARAMS: {"HTTP_USER_AGENT"=>"Mozilla/4.0 (compatible; MSIE 5.0; Windows NT)", "HTTP_CACHE_CONTROL"=>"no-cache, no-cache", "HTTP_HOST"=>"66.216.93.185:8000", "REQUEST_PATH"=>"/", "HTTP_VERSION"=>"HTTP/1.1", "REQUEST_URI"=>"/", "HTTP_PRAGMA"=>"no-cache", "HTTP_ACCEPT"=>"text/html", "REQUEST_METHOD"=>"GET"}
---
Error sending file /home/thearmn/thearm/public/images/loading.gif: Broken pipe
Error sending file /home/thearmn/thearm/public/javascripts/dragdrop.js: Broken pipe
Error sending file /home/thearmn/thearm/public/icon/image/10/square/IMG_2011.jpg: Broken pipeError sending file /home/thearmn/thearm/public/icon/image/9/square/IMG_2002.jpg: Broken pipe

Error sending file /home/thearmn/thearm/public/icon/image/31/square/dsbf.jpg: Broken pipe
Error sending file /home/thearmn/thearm/public/images/loading.gif: Broken pipe
Wed Feb 13 02:14:17 -0500 2008: HTTP parse error, malformed request (66.216.93.185): #<Mongrel::HttpParserError: Invalid HTTP format, parsing fails.>
Wed Feb 13 02:14:17 -0500 2008: REQUEST DATA: " / HTTP/1.1\r\nHost: 66.216.93.185:8000\r\nMax-Forwards: 10\r\nX-Forwarded-For: 74.41.89.86\r\nX-Forwarded-Server: thearmnyc.com\r\nConnection: Keep-Alive\r\n\r\n"
---
PARAMS: {}
---
Error sending file /home/thearmn/thearm/public/images/loading.gif: Broken pipe
** Daemonized, any open files are closed.  Look at /home/thearmn/tmp/mongrel.8000.pid and log/mongrel.8000.log for info.
** Starting Mongrel listening at 66.216.93.185:8000
** Initiating groups for "thearmn":"cust".
** Changing group to "cust".
** Changing user to "thearmn".
** Starting Rails with production environment...
** Rails loaded.
** Loading any Rails specific GemPlugins
** Signals ready.  TERM => stop.  USR2 => restart.  INT => stop (no restart).
** Rails signals registered.  HUP => reload (without restart).  It might not work well.
** Mongrel 1.1.1 available at 66.216.93.185:8000
** Writing PID file to /home/thearmn/tmp/mongrel.8000.pid
** TERM signal received.
** Daemonized, any open files are closed.  Look at /home/thearmn/tmp/mongrel.8000.pid and log/mongrel.8000.log for info.
** Starting Mongrel listening at 66.216.93.185:8000
** Initiating groups for "thearmn":"cust".
** Changing group to "cust".
** Changing user to "thearmn".
** Starting Rails with production environment...
** Rails loaded.
** Loading any Rails specific GemPlugins
** Signals ready.  TERM => stop.  USR2 => restart.  INT => stop (no restart).
** Rails signals registered.  HUP => reload (without restart).  It might not work well.
** Mongrel 1.1.1 available at 66.216.93.185:8000
** Writing PID file to /home/thearmn/tmp/mongrel.8000.pid
** Daemonized, any open files are closed.  Look at /home/thearmn/tmp/mongrel.8000.pid and log/mongrel.8000.log for info.
** Starting Mongrel listening at 66.216.93.185:8000
** Initiating groups for "thearmn":"cust".
** Changing group to "cust".
** Changing user to "thearmn".
** Starting Rails with production environment...
** Rails loaded.
** Loading any Rails specific GemPlugins
** Signals ready.  TERM => stop.  USR2 => restart.  INT => stop (no restart).
** Rails signals registered.  HUP => reload (without restart).  It might not work well.
** Mongrel 1.1.1 available at 66.216.93.185:8000
** Writing PID file to /home/thearmn/tmp/mongrel.8000.pid
** Daemonized, any open files are closed.  Look at /home/thearmn/tmp/mongrel.8000.pid and log/mongrel.8000.log for info.
** Starting Mongrel listening at 66.216.93.185:8000
** Initiating groups for "thearmn":"cust".
** Changing group to "cust".
** Changing user to "thearmn".
** Starting Rails with production environment...
** Rails loaded.
** Loading any Rails specific GemPlugins
** Signals ready.  TERM => stop.  USR2 => restart.  INT => stop (no restart).
** Rails signals registered.  HUP => reload (without restart).  It might not work well.
** Mongrel 1.1.1 available at 66.216.93.185:8000
** Writing PID file to /home/thearmn/tmp/mongrel.8000.pid
Sun Mar 23 21:53:13 -0400 2008: HTTP parse error, malformed request (66.216.93.185): #<Mongrel::HttpParserError: Invalid HTTP format, parsing fails.>
Sun Mar 23 21:53:13 -0400 2008: REQUEST DATA: "GET / HTTP/1.1\r\nHost: 66.216.93.185:8000\r\nUser-Agent: R\r\nAccept: */*\r\n\"Accept-Encoding: \r\nX-Forwarded-For: 84.243.238.207\r\nX-Forwarded-Host: www.thearmnyc.com\r\nX-Forwarded-Server: thearmnyc.com\r\nConnection: Keep-Alive\r\n\r\n"
---
PARAMS: {"HTTP_USER_AGENT"=>"R", "HTTP_HOST"=>"66.216.93.185:8000", "REQUEST_PATH"=>"/", "HTTP_VERSION"=>"HTTP/1.1", "REQUEST_URI"=>"/", "HTTP_ACCEPT"=>"*/*", "REQUEST_METHOD"=>"GET"}
---
** Daemonized, any open files are closed.  Look at /home/thearmn/tmp/mongrel.8000.pid and log/mongrel.8000.log for info.
** Starting Mongrel listening at 66.216.93.185:8000
** Initiating groups for "thearmn":"cust".
** Changing group to "cust".
** Changing user to "thearmn".
** Starting Rails with production environment...
** Rails loaded.
** Loading any Rails specific GemPlugins
** Signals ready.  TERM => stop.  USR2 => restart.  INT => stop (no restart).
** Rails signals registered.  HUP => reload (without restart).  It might not work well.
** Mongrel 1.1.1 available at 66.216.93.185:8000
** Writing PID file to /home/thearmn/tmp/mongrel.8000.pid
** TERM signal received.
** Daemonized, any open files are closed.  Look at /home/thearmn/tmp/mongrel.8000.pid and log/mongrel.8000.log for info.
** Starting Mongrel listening at 66.216.93.185:8000
** Initiating groups for "thearmn":"cust".
** Changing group to "cust".
** Changing user to "thearmn".
** Starting Rails with production environment...
** Rails loaded.
** Loading any Rails specific GemPlugins
** Signals ready.  TERM => stop.  USR2 => restart.  INT => stop (no restart).
** Rails signals registered.  HUP => reload (without restart).  It might not work well.
** Mongrel 1.1.1 available at 66.216.93.185:8000
** Writing PID file to /home/thearmn/tmp/mongrel.8000.pid
** TERM signal received.
** Daemonized, any open files are closed.  Look at /home/thearmn/tmp/mongrel.8000.pid and log/mongrel.8000.log for info.
** Starting Mongrel listening at 66.216.93.185:8000
** Initiating groups for "thearmn":"cust".
** Changing group to "cust".
** Changing user to "thearmn".
** Starting Rails with production environment...
** Rails loaded.
** Loading any Rails specific GemPlugins
** Signals ready.  TERM => stop.  USR2 => restart.  INT => stop (no restart).
** Rails signals registered.  HUP => reload (without restart).  It might not work well.
** Mongrel 1.1.1 available at 66.216.93.185:8000
** Writing PID file to /home/thearmn/tmp/mongrel.8000.pid
** TERM signal received.
** Daemonized, any open files are closed.  Look at /home/thearmn/tmp/mongrel.8000.pid and log/mongrel.8000.log for info.
** Starting Mongrel listening at 66.216.93.185:8000
** Initiating groups for "thearmn":"cust".
** Changing group to "cust".
** Changing user to "thearmn".
** Starting Rails with production environment...
** Rails loaded.
** Loading any Rails specific GemPlugins
** Signals ready.  TERM => stop.  USR2 => restart.  INT => stop (no restart).
** Rails signals registered.  HUP => reload (without restart).  It might not work well.
** Mongrel 1.1.1 available at 66.216.93.185:8000
** Writing PID file to /home/thearmn/tmp/mongrel.8000.pid
Tue Apr 08 02:48:43 -0400 2008: Read error: #<RuntimeError: No REQUEST PATH>
/usr/local/lib/ruby/gems/1.8/gems/mongrel-1.1.1/bin/../lib/mongrel.rb:127:in `process_client'
/usr/local/lib/ruby/gems/1.8/gems/mongrel-1.1.1/bin/../lib/mongrel.rb:281:in `run'
/usr/local/lib/ruby/gems/1.8/gems/mongrel-1.1.1/bin/../lib/mongrel.rb:281:in `initialize'
/usr/local/lib/ruby/gems/1.8/gems/mongrel-1.1.1/bin/../lib/mongrel.rb:281:in `new'
/usr/local/lib/ruby/gems/1.8/gems/mongrel-1.1.1/bin/../lib/mongrel.rb:281:in `run'
/usr/local/lib/ruby/gems/1.8/gems/mongrel-1.1.1/bin/../lib/mongrel.rb:264:in `initialize'
/usr/local/lib/ruby/gems/1.8/gems/mongrel-1.1.1/bin/../lib/mongrel.rb:264:in `new'
/usr/local/lib/ruby/gems/1.8/gems/mongrel-1.1.1/bin/../lib/mongrel.rb:264:in `run'
/usr/local/lib/ruby/gems/1.8/gems/mongrel-1.1.1/bin/../lib/mongrel/configurator.rb:282:in `run'
/usr/local/lib/ruby/gems/1.8/gems/mongrel-1.1.1/bin/../lib/mongrel/configurator.rb:281:in `each'
/usr/local/lib/ruby/gems/1.8/gems/mongrel-1.1.1/bin/../lib/mongrel/configurator.rb:281:in `run'
/usr/local/lib/ruby/gems/1.8/gems/mongrel-1.1.1/bin/mongrel_rails:128:in `run'
/usr/local/lib/ruby/gems/1.8/gems/mongrel-1.1.1/bin/../lib/mongrel/command.rb:212:in `run'
/usr/local/lib/ruby/gems/1.8/gems/mongrel-1.1.1/bin/mongrel_rails:281
/usr/local/bin/mongrel_rails:16:in `load'
/usr/local/bin/mongrel_rails:16
Tue Apr 08 02:48:43 -0400 2008: Read error: #<RuntimeError: No REQUEST PATH>
/usr/local/lib/ruby/gems/1.8/gems/mongrel-1.1.1/bin/../lib/mongrel.rb:127:in `process_client'
/usr/local/lib/ruby/gems/1.8/gems/mongrel-1.1.1/bin/../lib/mongrel.rb:281:in `run'
/usr/local/lib/ruby/gems/1.8/gems/mongrel-1.1.1/bin/../lib/mongrel.rb:281:in `initialize'
/usr/local/lib/ruby/gems/1.8/gems/mongrel-1.1.1/bin/../lib/mongrel.rb:281:in `new'
/usr/local/lib/ruby/gems/1.8/gems/mongrel-1.1.1/bin/../lib/mongrel.rb:281:in `run'
/usr/local/lib/ruby/gems/1.8/gems/mongrel-1.1.1/bin/../lib/mongrel.rb:264:in `initialize'
/usr/local/lib/ruby/gems/1.8/gems/mongrel-1.1.1/bin/../lib/mongrel.rb:264:in `new'
/usr/local/lib/ruby/gems/1.8/gems/mongrel-1.1.1/bin/../lib/mongrel.rb:264:in `run'
/usr/local/lib/ruby/gems/1.8/gems/mongrel-1.1.1/bin/../lib/mongrel/configurator.rb:282:in `run'
/usr/local/lib/ruby/gems/1.8/gems/mongrel-1.1.1/bin/../lib/mongrel/configurator.rb:281:in `each'
/usr/local/lib/ruby/gems/1.8/gems/mongrel-1.1.1/bin/../lib/mongrel/configurator.rb:281:in `run'
/usr/local/lib/ruby/gems/1.8/gems/mongrel-1.1.1/bin/mongrel_rails:128:in `run'
/usr/local/lib/ruby/gems/1.8/gems/mongrel-1.1.1/bin/../lib/mongrel/command.rb:212:in `run'
/usr/local/lib/ruby/gems/1.8/gems/mongrel-1.1.1/bin/mongrel_rails:281
/usr/local/bin/mongrel_rails:16:in `load'
/usr/local/bin/mongrel_rails:16
** Daemonized, any open files are closed.  Look at /home/thearmn/tmp/mongrel.8000.pid and log/mongrel.8000.log for info.
** Starting Mongrel listening at 66.216.93.185:8000
** Initiating groups for "thearmn":"cust".
** Changing group to "cust".
** Changing user to "thearmn".
** Starting Rails with production environment...
** Rails loaded.
** Loading any Rails specific GemPlugins
** Signals ready.  TERM => stop.  USR2 => restart.  INT => stop (no restart).
** Rails signals registered.  HUP => reload (without restart).  It might not work well.
** Mongrel 1.1.1 available at 66.216.93.185:8000
** Writing PID file to /home/thearmn/tmp/mongrel.8000.pid
** Daemonized, any open files are closed.  Look at /home/thearmn/tmp/mongrel.8000.pid and log/mongrel.8000.log for info.
** Starting Mongrel listening at 66.216.93.185:8000
** Initiating groups for "thearmn":"cust".
** Changing group to "cust".
** Changing user to "thearmn".
** Starting Rails with production environment...
** Rails loaded.
** Loading any Rails specific GemPlugins
** Signals ready.  TERM => stop.  USR2 => restart.  INT => stop (no restart).
** Rails signals registered.  HUP => reload (without restart).  It might not work well.
** Mongrel 1.1.1 available at 66.216.93.185:8000
** Writing PID file to /home/thearmn/tmp/mongrel.8000.pid
Error sending file /home/thearmn/thearm/public/javascripts/dragdrop.js: Broken pipe
Error sending file /home/thearmn/thearm/public/javascripts/controls.js: Broken pipe
Error sending file /home/thearmn/thearm/public/javascripts/controls.js: Broken pipe
Wed Apr 30 13:21:43 -0400 2008: Client error: #<Errno::EINVAL: Invalid argument>
/usr/local/lib/ruby/gems/1.8/gems/mongrel-1.1.1/bin/../lib/mongrel.rb:192:in `close'
/usr/local/lib/ruby/gems/1.8/gems/mongrel-1.1.1/bin/../lib/mongrel.rb:192:in `process_client'
/usr/local/lib/ruby/gems/1.8/gems/mongrel-1.1.1/bin/../lib/mongrel.rb:281:in `run'
/usr/local/lib/ruby/gems/1.8/gems/mongrel-1.1.1/bin/../lib/mongrel.rb:281:in `initialize'
/usr/local/lib/ruby/gems/1.8/gems/mongrel-1.1.1/bin/../lib/mongrel.rb:281:in `new'
/usr/local/lib/ruby/gems/1.8/gems/mongrel-1.1.1/bin/../lib/mongrel.rb:281:in `run'
/usr/local/lib/ruby/gems/1.8/gems/mongrel-1.1.1/bin/../lib/mongrel.rb:264:in `initialize'
/usr/local/lib/ruby/gems/1.8/gems/mongrel-1.1.1/bin/../lib/mongrel.rb:264:in `new'
/usr/local/lib/ruby/gems/1.8/gems/mongrel-1.1.1/bin/../lib/mongrel.rb:264:in `run'
/usr/local/lib/ruby/gems/1.8/gems/mongrel-1.1.1/bin/../lib/mongrel/configurator.rb:282:in `run'
/usr/local/lib/ruby/gems/1.8/gems/mongrel-1.1.1/bin/../lib/mongrel/configurator.rb:281:in `each'
/usr/local/lib/ruby/gems/1.8/gems/mongrel-1.1.1/bin/../lib/mongrel/configurator.rb:281:in `run'
/usr/local/lib/ruby/gems/1.8/gems/mongrel-1.1.1/bin/mongrel_rails:128:in `run'
/usr/local/lib/ruby/gems/1.8/gems/mongrel-1.1.1/bin/../lib/mongrel/command.rb:212:in `run'
/usr/local/lib/ruby/gems/1.8/gems/mongrel-1.1.1/bin/mongrel_rails:281
/usr/local/bin/mongrel_rails:16:in `load'
/usr/local/bin/mongrel_rails:16
Thu May 08 07:34:34 -0400 2008: Read error: #<RuntimeError: No REQUEST PATH>
/usr/local/lib/ruby/gems/1.8/gems/mongrel-1.1.1/bin/../lib/mongrel.rb:127:in `process_client'
/usr/local/lib/ruby/gems/1.8/gems/mongrel-1.1.1/bin/../lib/mongrel.rb:281:in `run'
/usr/local/lib/ruby/gems/1.8/gems/mongrel-1.1.1/bin/../lib/mongrel.rb:281:in `initialize'
/usr/local/lib/ruby/gems/1.8/gems/mongrel-1.1.1/bin/../lib/mongrel.rb:281:in `new'
/usr/local/lib/ruby/gems/1.8/gems/mongrel-1.1.1/bin/../lib/mongrel.rb:281:in `run'
/usr/local/lib/ruby/gems/1.8/gems/mongrel-1.1.1/bin/../lib/mongrel.rb:264:in `initialize'
/usr/local/lib/ruby/gems/1.8/gems/mongrel-1.1.1/bin/../lib/mongrel.rb:264:in `new'
/usr/local/lib/ruby/gems/1.8/gems/mongrel-1.1.1/bin/../lib/mongrel.rb:264:in `run'
/usr/local/lib/ruby/gems/1.8/gems/mongrel-1.1.1/bin/../lib/mongrel/configurator.rb:282:in `run'
/usr/local/lib/ruby/gems/1.8/gems/mongrel-1.1.1/bin/../lib/mongrel/configurator.rb:281:in `each'
/usr/local/lib/ruby/gems/1.8/gems/mongrel-1.1.1/bin/../lib/mongrel/configurator.rb:281:in `run'
/usr/local/lib/ruby/gems/1.8/gems/mongrel-1.1.1/bin/mongrel_rails:128:in `run'
/usr/local/lib/ruby/gems/1.8/gems/mongrel-1.1.1/bin/../lib/mongrel/command.rb:212:in `run'
/usr/local/lib/ruby/gems/1.8/gems/mongrel-1.1.1/bin/mongrel_rails:281
/usr/local/bin/mongrel_rails:16:in `load'
/usr/local/bin/mongrel_rails:16
Sat May 10 21:28:56 -0400 2008: HTTP parse error, malformed request (124.217.243.119): #<Mongrel::HttpParserError: Invalid HTTP format, parsing fails.>
Sat May 10 21:28:56 -0400 2008: REQUEST DATA: "GET http://iluxa1.rifo.net/pt.php HTTP/1.0\n\n"
---
PARAMS: {"REQUEST_URI"=>"http://iluxa1.rifo.net/pt.php", "REQUEST_METHOD"=>"GET"}
---
Sat May 10 22:27:00 -0400 2008: HTTP parse error, malformed request (66.216.93.185): #<Mongrel::HttpParserError: Invalid HTTP format, parsing fails.>
Sat May 10 22:27:00 -0400 2008: REQUEST DATA: "GET / HTTP/1.1\r\nHost: 66.216.93.185:8000\r\nUser-Agent: Mozilla\r\nAccept: */*\r\n\"Accept-Encoding: \r\nX-Forwarded-For: 85.113.243.108\r\nX-Forwarded-Host: www.thearmnyc.com\r\nX-Forwarded-Server: thearmnyc.com\r\nConnection: Keep-Alive\r\n\r\n"
---
PARAMS: {"HTTP_USER_AGENT"=>"Mozilla", "HTTP_HOST"=>"66.216.93.185:8000", "REQUEST_PATH"=>"/", "HTTP_VERSION"=>"HTTP/1.1", "REQUEST_URI"=>"/", "HTTP_ACCEPT"=>"*/*", "REQUEST_METHOD"=>"GET"}
---
Error sending file /home/thearmn/thearm/public/javascripts/lightbox.js: Broken pipe
Error sending file /home/thearmn/thearm/public/robots.txt: Broken pipe
Tue May 13 19:16:07 -0400 2008: HTTP parse error, malformed request (66.216.93.185): #<Mongrel::HttpParserError: Invalid HTTP format, parsing fails.>
Tue May 13 19:16:07 -0400 2008: REQUEST DATA: " / HTTP/1.1\r\nHost: 66.216.93.185:8000\r\nX-Forwarded-For: 216.138.203.7\r\nX-Forwarded-Server: thearmnyc.com\r\nConnection: Keep-Alive\r\n\r\n"
---
PARAMS: {}
---
Tue May 13 22:13:38 -0400 2008: HTTP parse error, malformed request (122.140.63.28): #<Mongrel::HttpParserError: Invalid HTTP format, parsing fails.>
Tue May 13 22:13:38 -0400 2008: REQUEST DATA: "GET http://iluxa1.rifo.net/pt.php HTTP/1.0\n\n"
---
PARAMS: {"REQUEST_URI"=>"http://iluxa1.rifo.net/pt.php", "REQUEST_METHOD"=>"GET"}
---
Thu May 15 20:49:45 -0400 2008: HTTP parse error, malformed request (122.140.63.28): #<Mongrel::HttpParserError: Invalid HTTP format, parsing fails.>
Thu May 15 20:49:45 -0400 2008: REQUEST DATA: "GET http://iluxa1.rifo.net/pt.php HTTP/1.0\n\n"
---
PARAMS: {"REQUEST_URI"=>"http://iluxa1.rifo.net/pt.php", "REQUEST_METHOD"=>"GET"}
---
Error sending file /home/thearmn/thearm/public/robots.txt: Broken pipe
Error sending file /home/thearmn/thearm/public/robots.txt: Broken pipe
Wed May 21 09:56:24 -0400 2008: Read error: #<RuntimeError: No REQUEST PATH>
/usr/local/lib/ruby/gems/1.8/gems/mongrel-1.1.1/bin/../lib/mongrel.rb:127:in `process_client'
/usr/local/lib/ruby/gems/1.8/gems/mongrel-1.1.1/bin/../lib/mongrel.rb:281:in `run'
/usr/local/lib/ruby/gems/1.8/gems/mongrel-1.1.1/bin/../lib/mongrel.rb:281:in `initialize'
/usr/local/lib/ruby/gems/1.8/gems/mongrel-1.1.1/bin/../lib/mongrel.rb:281:in `new'
/usr/local/lib/ruby/gems/1.8/gems/mongrel-1.1.1/bin/../lib/mongrel.rb:281:in `run'
/usr/local/lib/ruby/gems/1.8/gems/mongrel-1.1.1/bin/../lib/mongrel.rb:264:in `initialize'
/usr/local/lib/ruby/gems/1.8/gems/mongrel-1.1.1/bin/../lib/mongrel.rb:264:in `new'
/usr/local/lib/ruby/gems/1.8/gems/mongrel-1.1.1/bin/../lib/mongrel.rb:264:in `run'
/usr/local/lib/ruby/gems/1.8/gems/mongrel-1.1.1/bin/../lib/mongrel/configurator.rb:282:in `run'
/usr/local/lib/ruby/gems/1.8/gems/mongrel-1.1.1/bin/../lib/mongrel/configurator.rb:281:in `each'
/usr/local/lib/ruby/gems/1.8/gems/mongrel-1.1.1/bin/../lib/mongrel/configurator.rb:281:in `run'
/usr/local/lib/ruby/gems/1.8/gems/mongrel-1.1.1/bin/mongrel_rails:128:in `run'
/usr/local/lib/ruby/gems/1.8/gems/mongrel-1.1.1/bin/../lib/mongrel/command.rb:212:in `run'
/usr/local/lib/ruby/gems/1.8/gems/mongrel-1.1.1/bin/mongrel_rails:281
/usr/local/bin/mongrel_rails:16:in `load'
/usr/local/bin/mongrel_rails:16
Error sending file /home/thearmn/thearm/public/robots.txt: Broken pipe
** Daemonized, any open files are closed.  Look at /home/thearmn/tmp/mongrel.8000.pid and log/mongrel.8000.log for info.
** Starting Mongrel listening at 66.216.93.185:8000
** Initiating groups for "thearmn":"cust".
** Changing group to "cust".
** Changing user to "thearmn".
** Starting Rails with production environment...
** Rails loaded.
** Loading any Rails specific GemPlugins
** Signals ready.  TERM => stop.  USR2 => restart.  INT => stop (no restart).
** Rails signals registered.  HUP => reload (without restart).  It might not work well.
** Mongrel 1.1.1 available at 66.216.93.185:8000
** Writing PID file to /home/thearmn/tmp/mongrel.8000.pid
Error sending file /home/thearmn/thearm/public/robots.txt: Broken pipe
Error sending file /home/thearmn/thearm/public/favicon.ico: Broken pipe
Error sending file /home/thearmn/thearm/public/photo/image/53/wide/BW_claudia.jpg: Broken pipe
Error sending file /home/thearmn/thearm/public/javascripts/controls.js: Connection reset by peer
Wed Jun 11 07:04:36 -0400 2008: HTTP parse error, malformed request (66.216.93.185): #<Mongrel::HttpParserError: Invalid HTTP format, parsing fails.>
Wed Jun 11 07:04:36 -0400 2008: REQUEST DATA: " / HTTP/1.1\r\nHost: 66.216.93.185:8000\r\nX-Forwarded-For: 70.241.209.203\r\nX-Forwarded-Server: thearmnyc.com\r\nConnection: Keep-Alive\r\n\r\n"
---
PARAMS: {}
---
** Daemonized, any open files are closed.  Look at /home/thearmn/tmp/mongrel.8000.pid and log/mongrel.8000.log for info.
** Starting Mongrel listening at 66.216.93.185:8000
** Initiating groups for "thearmn":"cust".
** Changing group to "cust".
** Changing user to "thearmn".
** Starting Rails with production environment...
** Rails loaded.
** Loading any Rails specific GemPlugins
** Signals ready.  TERM => stop.  USR2 => restart.  INT => stop (no restart).
** Rails signals registered.  HUP => reload (without restart).  It might not work well.
** Mongrel 1.1.1 available at 66.216.93.185:8000
** Writing PID file to /home/thearmn/tmp/mongrel.8000.pid
Error sending file /home/thearmn/thearm/public/javascripts/dragdrop.js: Broken pipe
Error sending file /home/thearmn/thearm/public/note/image/21/wide/mayahayuk.CleanArt.jpg: Broken pipe
Thu Jun 26 03:16:44 -0400 2008: HTTP parse error, malformed request (66.216.93.185): #<Mongrel::HttpParserError: Invalid HTTP format, parsing fails.>
Thu Jun 26 03:16:44 -0400 2008: REQUEST DATA: "GET / HTTP/1.1\r\nHost: 66.216.93.185:8000\r\nAccept: text/html\r\nCache-Control: no-cache, no-cache\r\nUser-Agent: Mozilla/4.0 (compatible; MSIE 5.0; Windows NT)\r\nPragma: no-cache\r\nConex\343o: fechada\r\nX-Forwarded-For: 189.105.65.130\r\nX-Forwarded-Host: www.thearmnyc.com\r\nX-Forwarded-Server: thearmnyc.com\r\nConnection: Keep-Alive\r\n\r\n"
---
PARAMS: {"HTTP_USER_AGENT"=>"Mozilla/4.0 (compatible; MSIE 5.0; Windows NT)", "HTTP_CACHE_CONTROL"=>"no-cache, no-cache", "HTTP_HOST"=>"66.216.93.185:8000", "REQUEST_PATH"=>"/", "HTTP_VERSION"=>"HTTP/1.1", "REQUEST_URI"=>"/", "HTTP_PRAGMA"=>"no-cache", "HTTP_ACCEPT"=>"text/html", "REQUEST_METHOD"=>"GET"}
---
Error sending file /home/thearmn/thearm/public/javascripts/dragdrop.js: Broken pipe
Fri Jul 04 01:14:26 -0400 2008: HTTP parse error, malformed request (66.216.93.185): #<Mongrel::HttpParserError: Invalid HTTP format, parsing fails.>
Fri Jul 04 01:14:26 -0400 2008: REQUEST DATA: "GET / HTTP/1.1\r\nHost: 66.216.93.185:8000\r\nAccept: text/html\r\nCache-Control: no-cache, no-cache\r\nUser-Agent: Mozilla/4.0 (compatible; MSIE 5.0; Windows NT)\r\nPragma: no-cache\r\nConex\343o: fechada\r\nX-Forwarded-For: 189.102.54.80\r\nX-Forwarded-Host: www.thearmnyc.com\r\nX-Forwarded-Server: thearmnyc.com\r\nConnection: Keep-Alive\r\n\r\n"
---
PARAMS: {"HTTP_USER_AGENT"=>"Mozilla/4.0 (compatible; MSIE 5.0; Windows NT)", "HTTP_CACHE_CONTROL"=>"no-cache, no-cache", "HTTP_HOST"=>"66.216.93.185:8000", "REQUEST_PATH"=>"/", "HTTP_VERSION"=>"HTTP/1.1", "REQUEST_URI"=>"/", "HTTP_PRAGMA"=>"no-cache", "HTTP_ACCEPT"=>"text/html", "REQUEST_METHOD"=>"GET"}
---
Wed Jul 09 08:35:00 -0400 2008: HTTP parse error, malformed request (66.216.93.185): #<Mongrel::HttpParserError: Invalid HTTP format, parsing fails.>
Wed Jul 09 08:35:00 -0400 2008: REQUEST DATA: "GET / HTTP/1.1\r\nHost: 66.216.93.185:8000\r\nAccept: text/html\r\nCache-Control: no-cache, no-cache\r\nUser-Agent: Mozilla/4.0 (compatible; MSIE 5.0; Windows NT)\r\nPragma: no-cache\r\nConex\343o: fechada\r\nX-Forwarded-For: 201.3.232.216\r\nX-Forwarded-Host: www.thearmnyc.com\r\nX-Forwarded-Server: thearmnyc.com\r\nConnection: Keep-Alive\r\n\r\n"
---
PARAMS: {"HTTP_USER_AGENT"=>"Mozilla/4.0 (compatible; MSIE 5.0; Windows NT)", "HTTP_CACHE_CONTROL"=>"no-cache, no-cache", "HTTP_HOST"=>"66.216.93.185:8000", "REQUEST_PATH"=>"/", "HTTP_VERSION"=>"HTTP/1.1", "REQUEST_URI"=>"/", "HTTP_PRAGMA"=>"no-cache", "HTTP_ACCEPT"=>"text/html", "REQUEST_METHOD"=>"GET"}
---
Thu Jul 10 20:25:13 -0400 2008: HTTP parse error, malformed request (66.216.93.185): #<Mongrel::HttpParserError: Invalid HTTP format, parsing fails.>
Thu Jul 10 20:25:13 -0400 2008: REQUEST DATA: "GET / HTTP/1.1\r\nHost: 66.216.93.185:8000\r\nAccept: text/html\r\nCache-Control: no-cache, no-cache\r\nUser-Agent: Mozilla/4.0 (compatible; MSIE 5.0; Windows NT)\r\nPragma: no-cache\r\nConex\343o: fechada\r\nX-Forwarded-For: 201.41.238.59\r\nX-Forwarded-Host: www.thearmnyc.com\r\nX-Forwarded-Server: thearmnyc.com\r\nConnection: Keep-Alive\r\n\r\n"
---
PARAMS: {"HTTP_USER_AGENT"=>"Mozilla/4.0 (compatible; MSIE 5.0; Windows NT)", "HTTP_CACHE_CONTROL"=>"no-cache, no-cache", "HTTP_HOST"=>"66.216.93.185:8000", "REQUEST_PATH"=>"/", "HTTP_VERSION"=>"HTTP/1.1", "REQUEST_URI"=>"/", "HTTP_PRAGMA"=>"no-cache", "HTTP_ACCEPT"=>"text/html", "REQUEST_METHOD"=>"GET"}
---
Error sending file /home/thearmn/thearm/public/icon/image/2/square/28595399.jpg: Broken pipe
Fri Jul 11 13:48:39 -0400 2008: HTTP parse error, malformed request (66.216.93.185): #<Mongrel::HttpParserError: Invalid HTTP format, parsing fails.>
Fri Jul 11 13:48:39 -0400 2008: REQUEST DATA: "GET / HTTP/1.1\r\nHost: 66.216.93.185:8000\r\nAccept: text/html\r\nCache-Control: no-cache, no-cache\r\nUser-Agent: Mozilla/4.0 (compatible; MSIE 5.0; Windows NT)\r\nPragma: no-cache\r\nConex\343o: fechada\r\nX-Forwarded-For: 201.14.150.176\r\nX-Forwarded-Host: www.thearmnyc.com\r\nX-Forwarded-Server: thearmnyc.com\r\nConnection: Keep-Alive\r\n\r\n"
---
PARAMS: {"HTTP_USER_AGENT"=>"Mozilla/4.0 (compatible; MSIE 5.0; Windows NT)", "HTTP_CACHE_CONTROL"=>"no-cache, no-cache", "HTTP_HOST"=>"66.216.93.185:8000", "REQUEST_PATH"=>"/", "HTTP_VERSION"=>"HTTP/1.1", "REQUEST_URI"=>"/", "HTTP_PRAGMA"=>"no-cache", "HTTP_ACCEPT"=>"text/html", "REQUEST_METHOD"=>"GET"}
---
** Daemonized, any open files are closed.  Look at /home/thearmn/tmp/mongrel.8000.pid and log/mongrel.8000.log for info.
** Starting Mongrel listening at 66.216.93.185:8000
** Initiating groups for "thearmn":"cust".
** Changing group to "cust".
** Changing user to "thearmn".
** Starting Rails with production environment...
** Rails loaded.
** Loading any Rails specific GemPlugins
** Signals ready.  TERM => stop.  USR2 => restart.  INT => stop (no restart).
** Rails signals registered.  HUP => reload (without restart).  It might not work well.
** Mongrel 1.1.1 available at 66.216.93.185:8000
** Writing PID file to /home/thearmn/tmp/mongrel.8000.pid
Sun Jul 20 15:11:12 -0400 2008: HTTP parse error, malformed request (213.41.77.74): #<Mongrel::HttpParserError: Invalid HTTP format, parsing fails.>
Sun Jul 20 15:11:12 -0400 2008: REQUEST DATA: "\004\001\000P@\351\275\223\000"
---
PARAMS: {}
---
Sun Jul 20 15:11:12 -0400 2008: HTTP parse error, malformed request (213.41.77.74): #<Mongrel::HttpParserError: Invalid HTTP format, parsing fails.>
Sun Jul 20 15:11:12 -0400 2008: REQUEST DATA: "\005\001\000"
---
PARAMS: {}
---
Mon Jul 21 11:25:42 -0400 2008: HTTP parse error, malformed request (213.41.77.74): #<Mongrel::HttpParserError: Invalid HTTP format, parsing fails.>
Mon Jul 21 11:25:42 -0400 2008: REQUEST DATA: "\004\001\000P@\351\275\223\000"
---
PARAMS: {}
---
Mon Jul 21 11:25:43 -0400 2008: HTTP parse error, malformed request (213.41.77.74): #<Mongrel::HttpParserError: Invalid HTTP format, parsing fails.>
Mon Jul 21 11:25:43 -0400 2008: REQUEST DATA: "\005\001\000"
---
PARAMS: {}
---
Tue Jul 22 03:17:29 -0400 2008: HTTP parse error, malformed request (213.41.77.74): #<Mongrel::HttpParserError: Invalid HTTP format, parsing fails.>
Tue Jul 22 03:17:29 -0400 2008: REQUEST DATA: "\004\001\000P@\351\275\223\000"
---
PARAMS: {}
---
Tue Jul 22 03:17:30 -0400 2008: HTTP parse error, malformed request (213.41.77.74): #<Mongrel::HttpParserError: Invalid HTTP format, parsing fails.>
Tue Jul 22 03:17:30 -0400 2008: REQUEST DATA: "\005\001\000"
---
PARAMS: {}
---
Fri Aug 01 01:20:19 -0400 2008: HTTP parse error, malformed request (123.134.66.34): #<Mongrel::HttpParserError: Invalid HTTP format, parsing fails.>
Fri Aug 01 01:20:19 -0400 2008: REQUEST DATA: "\004\001\000PB\371Y\223\000"
---
PARAMS: {}
---
Fri Aug 01 01:20:20 -0400 2008: HTTP parse error, malformed request (123.134.66.34): #<Mongrel::HttpParserError: Invalid HTTP format, parsing fails.>
Fri Aug 01 01:20:20 -0400 2008: REQUEST DATA: "\005\001\000"
---
PARAMS: {}
---
Mon Aug 11 21:50:00 -0400 2008: HTTP parse error, malformed request (60.172.222.17): #<Mongrel::HttpParserError: Invalid HTTP format, parsing fails.>
Mon Aug 11 21:50:00 -0400 2008: REQUEST DATA: "\005\001\000"
---
PARAMS: {}
---
Tue Aug 12 19:28:23 -0400 2008: HTTP parse error, malformed request (60.172.222.17): #<Mongrel::HttpParserError: Invalid HTTP format, parsing fails.>
Tue Aug 12 19:28:23 -0400 2008: REQUEST DATA: "\004\001\000P@\351\275c\000"
---
PARAMS: {}
---
Tue Aug 12 19:28:23 -0400 2008: HTTP parse error, malformed request (60.172.222.17): #<Mongrel::HttpParserError: Invalid HTTP format, parsing fails.>
Tue Aug 12 19:28:23 -0400 2008: REQUEST DATA: "\005\001\000"
---
PARAMS: {}
---
** Daemonized, any open files are closed.  Look at /home/thearmn/tmp/mongrel.8000.pid and log/mongrel.8000.log for info.
** Starting Mongrel listening at 66.216.93.185:8000
** Initiating groups for "thearmn":"cust".
** Changing group to "cust".
** Changing user to "thearmn".
** Starting Rails with production environment...
** Rails loaded.
** Loading any Rails specific GemPlugins
** Signals ready.  TERM => stop.  USR2 => restart.  INT => stop (no restart).
** Rails signals registered.  HUP => reload (without restart).  It might not work well.
** Mongrel 1.1.1 available at 66.216.93.185:8000
** Writing PID file to /home/thearmn/tmp/mongrel.8000.pid
Fri Aug 15 14:54:37 -0400 2008: HTTP parse error, malformed request (60.172.222.17): #<Mongrel::HttpParserError: Invalid HTTP format, parsing fails.>
Fri Aug 15 14:54:37 -0400 2008: REQUEST DATA: "\004\001\000P@\351\275c\000"
---
PARAMS: {}
---
Fri Aug 15 14:54:38 -0400 2008: HTTP parse error, malformed request (60.172.222.17): #<Mongrel::HttpParserError: Invalid HTTP format, parsing fails.>
Fri Aug 15 14:54:38 -0400 2008: REQUEST DATA: "\005\001\000"
---
PARAMS: {}
---
Sat Aug 16 19:35:18 -0400 2008: HTTP parse error, malformed request (60.172.222.17): #<Mongrel::HttpParserError: Invalid HTTP format, parsing fails.>
Sat Aug 16 19:35:18 -0400 2008: REQUEST DATA: "\004\001\000P@\351\275\223\000"
---
PARAMS: {}
---
Sat Aug 16 19:35:19 -0400 2008: HTTP parse error, malformed request (60.172.222.17): #<Mongrel::HttpParserError: Invalid HTTP format, parsing fails.>
Sat Aug 16 19:35:19 -0400 2008: REQUEST DATA: "\005\001\000"
---
PARAMS: {}
---
Sun Aug 17 16:55:49 -0400 2008: HTTP parse error, malformed request (60.172.222.17): #<Mongrel::HttpParserError: Invalid HTTP format, parsing fails.>
Sun Aug 17 16:55:49 -0400 2008: REQUEST DATA: "\004\001\000P@\351\275h\000"
---
PARAMS: {}
---
Sun Aug 17 16:55:53 -0400 2008: HTTP parse error, malformed request (60.172.222.17): #<Mongrel::HttpParserError: Invalid HTTP format, parsing fails.>
Sun Aug 17 16:55:53 -0400 2008: REQUEST DATA: "\005\001\000"
---
PARAMS: {}
---
Mon Aug 18 00:12:26 -0400 2008: HTTP parse error, malformed request (60.172.222.17): #<Mongrel::HttpParserError: Invalid HTTP format, parsing fails.>
Mon Aug 18 00:12:26 -0400 2008: REQUEST DATA: "\004\001\000P@\351\275\223\000"
---
PARAMS: {}
---
Mon Aug 18 00:12:27 -0400 2008: HTTP parse error, malformed request (60.172.222.17): #<Mongrel::HttpParserError: Invalid HTTP format, parsing fails.>
Mon Aug 18 00:12:27 -0400 2008: REQUEST DATA: "\005\001\000"
---
PARAMS: {}
---
** TERM signal received.
** Daemonized, any open files are closed.  Look at /home/thearmn/tmp/mongrel.8000.pid and log/mongrel.8000.log for info.
** Starting Mongrel listening at 66.216.93.185:8000
** Initiating groups for "thearmn":"cust".
** Changing group to "cust".
** Changing user to "thearmn".
** Starting Rails with production environment...
** Rails loaded.
** Loading any Rails specific GemPlugins
** Signals ready.  TERM => stop.  USR2 => restart.  INT => stop (no restart).
** Rails signals registered.  HUP => reload (without restart).  It might not work well.
** Mongrel 1.1.1 available at 66.216.93.185:8000
** Writing PID file to /home/thearmn/tmp/mongrel.8000.pid
Tue Aug 19 19:18:33 -0400 2008: HTTP parse error, malformed request (60.172.222.17): #<Mongrel::HttpParserError: Invalid HTTP format, parsing fails.>
Tue Aug 19 19:18:33 -0400 2008: REQUEST DATA: "\004\001\000PH\016\353\223\000"
---
PARAMS: {}
---
Tue Aug 19 19:18:42 -0400 2008: HTTP parse error, malformed request (60.172.222.17): #<Mongrel::HttpParserError: Invalid HTTP format, parsing fails.>
Tue Aug 19 19:18:42 -0400 2008: REQUEST DATA: "\005\001\000"
---
PARAMS: {}
---
Wed Aug 20 09:44:54 -0400 2008: HTTP parse error, malformed request (60.172.222.17): #<Mongrel::HttpParserError: Invalid HTTP format, parsing fails.>
Wed Aug 20 09:44:54 -0400 2008: REQUEST DATA: "\004\001\000PH\016\353h\000"
---
PARAMS: {}
---
Fri Aug 22 04:40:43 -0400 2008: HTTP parse error, malformed request (60.172.222.17): #<Mongrel::HttpParserError: Invalid HTTP format, parsing fails.>
Fri Aug 22 04:40:43 -0400 2008: REQUEST DATA: "\004\001\000P@\351\275h\000"
---
PARAMS: {}
---
Fri Aug 22 04:40:43 -0400 2008: HTTP parse error, malformed request (60.172.222.17): #<Mongrel::HttpParserError: Invalid HTTP format, parsing fails.>
Fri Aug 22 04:40:43 -0400 2008: REQUEST DATA: "\005\001\000"
---
PARAMS: {}
---
Sat Aug 23 12:15:19 -0400 2008: HTTP parse error, malformed request (60.172.222.17): #<Mongrel::HttpParserError: Invalid HTTP format, parsing fails.>
Sat Aug 23 12:15:19 -0400 2008: REQUEST DATA: "\004\001\000P@\351\275\223\000"
---
PARAMS: {}
---
Sat Aug 23 12:15:19 -0400 2008: HTTP parse error, malformed request (60.172.222.17): #<Mongrel::HttpParserError: Invalid HTTP format, parsing fails.>
Sat Aug 23 12:15:19 -0400 2008: REQUEST DATA: "\005\001\000"
---
PARAMS: {}
---
Sun Aug 24 20:17:50 -0400 2008: HTTP parse error, malformed request (60.172.222.17): #<Mongrel::HttpParserError: Invalid HTTP format, parsing fails.>
Sun Aug 24 20:17:50 -0400 2008: REQUEST DATA: "\004\001\000P@\351\275h\000"
---
PARAMS: {}
---
Sun Aug 24 20:17:51 -0400 2008: HTTP parse error, malformed request (60.172.222.17): #<Mongrel::HttpParserError: Invalid HTTP format, parsing fails.>
Sun Aug 24 20:17:51 -0400 2008: REQUEST DATA: "\005\001\000"
---
PARAMS: {}
---
Tue Aug 26 06:06:13 -0400 2008: HTTP parse error, malformed request (60.172.222.17): #<Mongrel::HttpParserError: Invalid HTTP format, parsing fails.>
Tue Aug 26 06:06:13 -0400 2008: REQUEST DATA: "\004\001\000P@\351\275h\000"
---
PARAMS: {}
---
Tue Aug 26 06:06:14 -0400 2008: HTTP parse error, malformed request (60.172.222.17): #<Mongrel::HttpParserError: Invalid HTTP format, parsing fails.>
Tue Aug 26 06:06:14 -0400 2008: REQUEST DATA: "\005\001\000"
---
PARAMS: {}
---
Tue Aug 26 14:20:12 -0400 2008: HTTP parse error, malformed request (60.172.222.17): #<Mongrel::HttpParserError: Invalid HTTP format, parsing fails.>
Tue Aug 26 14:20:12 -0400 2008: REQUEST DATA: "\004\001\000P@\351\275c\000"
---
PARAMS: {}
---
Tue Aug 26 14:20:13 -0400 2008: HTTP parse error, malformed request (60.172.222.17): #<Mongrel::HttpParserError: Invalid HTTP format, parsing fails.>
Tue Aug 26 14:20:13 -0400 2008: REQUEST DATA: "\005\001\000"
---
PARAMS: {}
---
Tue Aug 26 22:31:30 -0400 2008: HTTP parse error, malformed request (60.172.222.17): #<Mongrel::HttpParserError: Invalid HTTP format, parsing fails.>
Tue Aug 26 22:31:30 -0400 2008: REQUEST DATA: "\004\001\000P@\351\275c\000"
---
PARAMS: {}
---
Tue Aug 26 22:31:33 -0400 2008: HTTP parse error, malformed request (60.172.222.17): #<Mongrel::HttpParserError: Invalid HTTP format, parsing fails.>
Tue Aug 26 22:31:33 -0400 2008: REQUEST DATA: "\005\001\000"
---
PARAMS: {}
---
Wed Aug 27 06:32:49 -0400 2008: HTTP parse error, malformed request (60.172.222.17): #<Mongrel::HttpParserError: Invalid HTTP format, parsing fails.>
Wed Aug 27 06:32:49 -0400 2008: REQUEST DATA: "\004\001\000P@\351\275c\000"
---
PARAMS: {}
---
Wed Aug 27 06:32:50 -0400 2008: HTTP parse error, malformed request (60.172.222.17): #<Mongrel::HttpParserError: Invalid HTTP format, parsing fails.>
Wed Aug 27 06:32:50 -0400 2008: REQUEST DATA: "\005\001\000"
---
PARAMS: {}
---
Wed Aug 27 14:51:33 -0400 2008: HTTP parse error, malformed request (222.208.183.218): #<Mongrel::HttpParserError: Invalid HTTP format, parsing fails.>
Wed Aug 27 14:51:33 -0400 2008: REQUEST DATA: "\004\001\000P@\351\275h\000"
---
PARAMS: {}
---
Wed Aug 27 14:51:33 -0400 2008: HTTP parse error, malformed request (222.208.183.218): #<Mongrel::HttpParserError: Invalid HTTP format, parsing fails.>
Wed Aug 27 14:51:33 -0400 2008: REQUEST DATA: "\005\001\000"
---
PARAMS: {}
---
Wed Aug 27 21:45:11 -0400 2008: Read error: #<RuntimeError: No REQUEST PATH>
/usr/local/lib/ruby/gems/1.8/gems/mongrel-1.1.1/bin/../lib/mongrel.rb:127:in `process_client'
/usr/local/lib/ruby/gems/1.8/gems/mongrel-1.1.1/bin/../lib/mongrel.rb:281:in `run'
/usr/local/lib/ruby/gems/1.8/gems/mongrel-1.1.1/bin/../lib/mongrel.rb:281:in `initialize'
/usr/local/lib/ruby/gems/1.8/gems/mongrel-1.1.1/bin/../lib/mongrel.rb:281:in `new'
/usr/local/lib/ruby/gems/1.8/gems/mongrel-1.1.1/bin/../lib/mongrel.rb:281:in `run'
/usr/local/lib/ruby/gems/1.8/gems/mongrel-1.1.1/bin/../lib/mongrel.rb:264:in `initialize'
/usr/local/lib/ruby/gems/1.8/gems/mongrel-1.1.1/bin/../lib/mongrel.rb:264:in `new'
/usr/local/lib/ruby/gems/1.8/gems/mongrel-1.1.1/bin/../lib/mongrel.rb:264:in `run'
/usr/local/lib/ruby/gems/1.8/gems/mongrel-1.1.1/bin/../lib/mongrel/configurator.rb:282:in `run'
/usr/local/lib/ruby/gems/1.8/gems/mongrel-1.1.1/bin/../lib/mongrel/configurator.rb:281:in `each'
/usr/local/lib/ruby/gems/1.8/gems/mongrel-1.1.1/bin/../lib/mongrel/configurator.rb:281:in `run'
/usr/local/lib/ruby/gems/1.8/gems/mongrel-1.1.1/bin/mongrel_rails:128:in `run'
/usr/local/lib/ruby/gems/1.8/gems/mongrel-1.1.1/bin/../lib/mongrel/command.rb:212:in `run'
/usr/local/lib/ruby/gems/1.8/gems/mongrel-1.1.1/bin/mongrel_rails:281
/usr/local/bin/mongrel_rails:16:in `load'
/usr/local/bin/mongrel_rails:16
Wed Aug 27 21:45:12 -0400 2008: HTTP parse error, malformed request (222.208.183.218): #<Mongrel::HttpParserError: Invalid HTTP format, parsing fails.>
Wed Aug 27 21:45:12 -0400 2008: REQUEST DATA: "\004\001\000P@\351\275h\000"
---
PARAMS: {}
---
Wed Aug 27 21:45:12 -0400 2008: HTTP parse error, malformed request (222.208.183.218): #<Mongrel::HttpParserError: Invalid HTTP format, parsing fails.>
Wed Aug 27 21:45:12 -0400 2008: REQUEST DATA: "\005\001\000"
---
PARAMS: {}
---
Wed Aug 27 22:44:43 -0400 2008: HTTP parse error, malformed request (60.172.222.17): #<Mongrel::HttpParserError: Invalid HTTP format, parsing fails.>
Wed Aug 27 22:44:43 -0400 2008: REQUEST DATA: "\004\001\000P@\351\275c\000"
---
PARAMS: {}
---
Wed Aug 27 22:44:53 -0400 2008: HTTP parse error, malformed request (60.172.222.17): #<Mongrel::HttpParserError: Invalid HTTP format, parsing fails.>
Wed Aug 27 22:44:53 -0400 2008: REQUEST DATA: "\005\001\000"
---
PARAMS: {}
---
Fri Aug 29 16:14:56 -0400 2008: HTTP parse error, malformed request (60.172.222.17): #<Mongrel::HttpParserError: Invalid HTTP format, parsing fails.>
Fri Aug 29 16:14:56 -0400 2008: REQUEST DATA: "\004\001\000P@\351\275\223\000"
---
PARAMS: {}
---
Fri Aug 29 16:15:05 -0400 2008: HTTP parse error, malformed request (60.172.222.17): #<Mongrel::HttpParserError: Invalid HTTP format, parsing fails.>
Fri Aug 29 16:15:05 -0400 2008: REQUEST DATA: "\005\001\000"
---
PARAMS: {}
---
Sat Aug 30 00:46:39 -0400 2008: HTTP parse error, malformed request (60.172.222.17): #<Mongrel::HttpParserError: Invalid HTTP format, parsing fails.>
Sat Aug 30 00:46:39 -0400 2008: REQUEST DATA: "\004\001\000P@\351\275c\000"
---
PARAMS: {}
---
** Daemonized, any open files are closed.  Look at /home/thearmn/tmp/mongrel.8000.pid and log/mongrel.8000.log for info.
** Starting Mongrel listening at 66.216.93.185:8000
** Initiating groups for "thearmn":"cust".
** Changing group to "cust".
** Changing user to "thearmn".
** Starting Rails with production environment...
** Rails loaded.
** Loading any Rails specific GemPlugins
** Signals ready.  TERM => stop.  USR2 => restart.  INT => stop (no restart).
** Rails signals registered.  HUP => reload (without restart).  It might not work well.
** Mongrel 1.1.1 available at 66.216.93.185:8000
** Writing PID file to /home/thearmn/tmp/mongrel.8000.pid
Sun Aug 31 15:56:33 -0400 2008: HTTP parse error, malformed request (60.172.222.17): #<Mongrel::HttpParserError: Invalid HTTP format, parsing fails.>
Sun Aug 31 15:56:33 -0400 2008: REQUEST DATA: "\004\001\000P@\351\275c\000"
---
PARAMS: {}
---
Sun Aug 31 15:56:36 -0400 2008: HTTP parse error, malformed request (60.172.222.17): #<Mongrel::HttpParserError: Invalid HTTP format, parsing fails.>
Sun Aug 31 15:56:36 -0400 2008: REQUEST DATA: "\005\001\000"
---
PARAMS: {}
---
Sun Aug 31 23:57:29 -0400 2008: HTTP parse error, malformed request (60.172.222.17): #<Mongrel::HttpParserError: Invalid HTTP format, parsing fails.>
Sun Aug 31 23:57:29 -0400 2008: REQUEST DATA: "\004\001\000P@\351\275c\000"
---
PARAMS: {}
---
Sun Aug 31 23:57:32 -0400 2008: HTTP parse error, malformed request (60.172.222.17): #<Mongrel::HttpParserError: Invalid HTTP format, parsing fails.>
Sun Aug 31 23:57:32 -0400 2008: REQUEST DATA: "\005\001\000"
---
PARAMS: {}
---
Mon Sep 01 23:14:14 -0400 2008: HTTP parse error, malformed request (60.172.222.17): #<Mongrel::HttpParserError: Invalid HTTP format, parsing fails.>
Mon Sep 01 23:14:14 -0400 2008: REQUEST DATA: "\005\001\000"
---
PARAMS: {}
---
Tue Sep 02 20:05:43 -0400 2008: HTTP parse error, malformed request (60.172.222.17): #<Mongrel::HttpParserError: Invalid HTTP format, parsing fails.>
Tue Sep 02 20:05:43 -0400 2008: REQUEST DATA: "\004\001\000P@\351\275c\000"
---
PARAMS: {}
---
Tue Sep 02 20:05:53 -0400 2008: HTTP parse error, malformed request (60.172.222.17): #<Mongrel::HttpParserError: Invalid HTTP format, parsing fails.>
Tue Sep 02 20:05:53 -0400 2008: REQUEST DATA: "\005\001\000"
---
PARAMS: {}
---
Thu Sep 04 17:56:13 -0400 2008: HTTP parse error, malformed request (60.172.222.17): #<Mongrel::HttpParserError: Invalid HTTP format, parsing fails.>
Thu Sep 04 17:56:13 -0400 2008: REQUEST DATA: "\004\001\000P@\351\275c\000"
---
PARAMS: {}
---
Thu Sep 04 17:56:16 -0400 2008: HTTP parse error, malformed request (60.172.222.17): #<Mongrel::HttpParserError: Invalid HTTP format, parsing fails.>
Thu Sep 04 17:56:16 -0400 2008: REQUEST DATA: "\005\001\000"
---
PARAMS: {}
---
Sat Sep 06 04:10:11 -0400 2008: HTTP parse error, malformed request (60.172.222.17): #<Mongrel::HttpParserError: Invalid HTTP format, parsing fails.>
Sat Sep 06 04:10:11 -0400 2008: REQUEST DATA: "\004\001\000PH\016\353c\000"
---
PARAMS: {}
---
Sat Sep 06 04:10:11 -0400 2008: HTTP parse error, malformed request (60.172.222.17): #<Mongrel::HttpParserError: Invalid HTTP format, parsing fails.>
Sat Sep 06 04:10:11 -0400 2008: REQUEST DATA: "\005\001\000"
---
PARAMS: {}
---
Sat Sep 06 18:37:13 -0400 2008: HTTP parse error, malformed request (221.130.201.175): #<Mongrel::HttpParserError: Invalid HTTP format, parsing fails.>
Sat Sep 06 18:37:13 -0400 2008: REQUEST DATA: "\004\001\000PH\016\353c\000"
---
PARAMS: {}
---
Sat Sep 06 18:37:14 -0400 2008: HTTP parse error, malformed request (221.130.201.175): #<Mongrel::HttpParserError: Invalid HTTP format, parsing fails.>
Sat Sep 06 18:37:14 -0400 2008: REQUEST DATA: "\005\001\000"
---
PARAMS: {}
---
Sat Sep 06 23:50:41 -0400 2008: HTTP parse error, malformed request (60.172.222.17): #<Mongrel::HttpParserError: Invalid HTTP format, parsing fails.>
Sat Sep 06 23:50:41 -0400 2008: REQUEST DATA: "\004\001\000PH\016\353h\000"
---
PARAMS: {}
---
Sat Sep 06 23:50:41 -0400 2008: HTTP parse error, malformed request (60.172.222.17): #<Mongrel::HttpParserError: Invalid HTTP format, parsing fails.>
Sat Sep 06 23:50:41 -0400 2008: REQUEST DATA: "\005\001\000"
---
PARAMS: {}
---
Mon Sep 08 06:06:30 -0400 2008: HTTP parse error, malformed request (60.172.222.17): #<Mongrel::HttpParserError: Invalid HTTP format, parsing fails.>
Mon Sep 08 06:06:30 -0400 2008: REQUEST DATA: "\004\001\000PH\016\353c\000"
---
PARAMS: {}
---
Mon Sep 08 06:06:30 -0400 2008: HTTP parse error, malformed request (60.172.222.17): #<Mongrel::HttpParserError: Invalid HTTP format, parsing fails.>
Mon Sep 08 06:06:30 -0400 2008: REQUEST DATA: "\005\001\000"
---
PARAMS: {}
---
Mon Sep 08 10:07:15 -0400 2008: Client error: #<Errno::EINVAL: Invalid argument>
/usr/local/lib/ruby/gems/1.8/gems/mongrel-1.1.1/bin/../lib/mongrel.rb:192:in `close'
/usr/local/lib/ruby/gems/1.8/gems/mongrel-1.1.1/bin/../lib/mongrel.rb:192:in `process_client'
/usr/local/lib/ruby/gems/1.8/gems/mongrel-1.1.1/bin/../lib/mongrel.rb:281:in `run'
/usr/local/lib/ruby/gems/1.8/gems/mongrel-1.1.1/bin/../lib/mongrel.rb:281:in `initialize'
/usr/local/lib/ruby/gems/1.8/gems/mongrel-1.1.1/bin/../lib/mongrel.rb:281:in `new'
/usr/local/lib/ruby/gems/1.8/gems/mongrel-1.1.1/bin/../lib/mongrel.rb:281:in `run'
/usr/local/lib/ruby/gems/1.8/gems/mongrel-1.1.1/bin/../lib/mongrel.rb:264:in `initialize'
/usr/local/lib/ruby/gems/1.8/gems/mongrel-1.1.1/bin/../lib/mongrel.rb:264:in `new'
/usr/local/lib/ruby/gems/1.8/gems/mongrel-1.1.1/bin/../lib/mongrel.rb:264:in `run'
/usr/local/lib/ruby/gems/1.8/gems/mongrel-1.1.1/bin/../lib/mongrel/configurator.rb:282:in `run'
/usr/local/lib/ruby/gems/1.8/gems/mongrel-1.1.1/bin/../lib/mongrel/configurator.rb:281:in `each'
/usr/local/lib/ruby/gems/1.8/gems/mongrel-1.1.1/bin/../lib/mongrel/configurator.rb:281:in `run'
/usr/local/lib/ruby/gems/1.8/gems/mongrel-1.1.1/bin/mongrel_rails:128:in `run'
/usr/local/lib/ruby/gems/1.8/gems/mongrel-1.1.1/bin/../lib/mongrel/command.rb:212:in `run'
/usr/local/lib/ruby/gems/1.8/gems/mongrel-1.1.1/bin/mongrel_rails:281
/usr/local/bin/mongrel_rails:16:in `load'
/usr/local/bin/mongrel_rails:16
Tue Sep 09 05:29:22 -0400 2008: HTTP parse error, malformed request (60.172.222.17): #<Mongrel::HttpParserError: Invalid HTTP format, parsing fails.>
Tue Sep 09 05:29:22 -0400 2008: REQUEST DATA: "\004\001\000PH\016\353h\000"
---
PARAMS: {}
---
Tue Sep 09 05:29:25 -0400 2008: HTTP parse error, malformed request (60.172.222.17): #<Mongrel::HttpParserError: Invalid HTTP format, parsing fails.>
Tue Sep 09 05:29:25 -0400 2008: REQUEST DATA: "\005\001\000"
---
PARAMS: {}
---
Tue Sep 09 17:25:54 -0400 2008: Read error: #<URI::InvalidURIError: bad URI(is not URI?): 205.188.153.243:443>
/usr/local/lib/ruby/1.8/uri/common.rb:436:in `split'
/usr/local/lib/ruby/1.8/uri/common.rb:485:in `parse'
/usr/local/lib/ruby/gems/1.8/gems/mongrel-1.1.1/bin/../lib/mongrel.rb:123:in `process_client'
/usr/local/lib/ruby/gems/1.8/gems/mongrel-1.1.1/bin/../lib/mongrel.rb:281:in `run'
/usr/local/lib/ruby/gems/1.8/gems/mongrel-1.1.1/bin/../lib/mongrel.rb:281:in `initialize'
/usr/local/lib/ruby/gems/1.8/gems/mongrel-1.1.1/bin/../lib/mongrel.rb:281:in `new'
/usr/local/lib/ruby/gems/1.8/gems/mongrel-1.1.1/bin/../lib/mongrel.rb:281:in `run'
/usr/local/lib/ruby/gems/1.8/gems/mongrel-1.1.1/bin/../lib/mongrel.rb:264:in `initialize'
/usr/local/lib/ruby/gems/1.8/gems/mongrel-1.1.1/bin/../lib/mongrel.rb:264:in `new'
/usr/local/lib/ruby/gems/1.8/gems/mongrel-1.1.1/bin/../lib/mongrel.rb:264:in `run'
/usr/local/lib/ruby/gems/1.8/gems/mongrel-1.1.1/bin/../lib/mongrel/configurator.rb:282:in `run'
/usr/local/lib/ruby/gems/1.8/gems/mongrel-1.1.1/bin/../lib/mongrel/configurator.rb:281:in `each'
/usr/local/lib/ruby/gems/1.8/gems/mongrel-1.1.1/bin/../lib/mongrel/configurator.rb:281:in `run'
/usr/local/lib/ruby/gems/1.8/gems/mongrel-1.1.1/bin/mongrel_rails:128:in `run'
/usr/local/lib/ruby/gems/1.8/gems/mongrel-1.1.1/bin/../lib/mongrel/command.rb:212:in `run'
/usr/local/lib/ruby/gems/1.8/gems/mongrel-1.1.1/bin/mongrel_rails:281
/usr/local/bin/mongrel_rails:16:in `load'
/usr/local/bin/mongrel_rails:16
Tue Sep 09 18:35:43 -0400 2008: Read error: #<URI::InvalidURIError: bad URI(is not URI?): 205.188.153.100:443>
/usr/local/lib/ruby/1.8/uri/common.rb:436:in `split'
/usr/local/lib/ruby/1.8/uri/common.rb:485:in `parse'
/usr/local/lib/ruby/gems/1.8/gems/mongrel-1.1.1/bin/../lib/mongrel.rb:123:in `process_client'
/usr/local/lib/ruby/gems/1.8/gems/mongrel-1.1.1/bin/../lib/mongrel.rb:281:in `run'
/usr/local/lib/ruby/gems/1.8/gems/mongrel-1.1.1/bin/../lib/mongrel.rb:281:in `initialize'
/usr/local/lib/ruby/gems/1.8/gems/mongrel-1.1.1/bin/../lib/mongrel.rb:281:in `new'
/usr/local/lib/ruby/gems/1.8/gems/mongrel-1.1.1/bin/../lib/mongrel.rb:281:in `run'
/usr/local/lib/ruby/gems/1.8/gems/mongrel-1.1.1/bin/../lib/mongrel.rb:264:in `initialize'
/usr/local/lib/ruby/gems/1.8/gems/mongrel-1.1.1/bin/../lib/mongrel.rb:264:in `new'
/usr/local/lib/ruby/gems/1.8/gems/mongrel-1.1.1/bin/../lib/mongrel.rb:264:in `run'
/usr/local/lib/ruby/gems/1.8/gems/mongrel-1.1.1/bin/../lib/mongrel/configurator.rb:282:in `run'
/usr/local/lib/ruby/gems/1.8/gems/mongrel-1.1.1/bin/../lib/mongrel/configurator.rb:281:in `each'
/usr/local/lib/ruby/gems/1.8/gems/mongrel-1.1.1/bin/../lib/mongrel/configurator.rb:281:in `run'
/usr/local/lib/ruby/gems/1.8/gems/mongrel-1.1.1/bin/mongrel_rails:128:in `run'
/usr/local/lib/ruby/gems/1.8/gems/mongrel-1.1.1/bin/../lib/mongrel/command.rb:212:in `run'
/usr/local/lib/ruby/gems/1.8/gems/mongrel-1.1.1/bin/mongrel_rails:281
/usr/local/bin/mongrel_rails:16:in `load'
/usr/local/bin/mongrel_rails:16
Wed Sep 10 14:10:32 -0400 2008: HTTP parse error, malformed request (60.172.222.17): #<Mongrel::HttpParserError: Invalid HTTP format, parsing fails.>
Wed Sep 10 14:10:32 -0400 2008: REQUEST DATA: "\004\001\000PH\016\353\223\000"
---
PARAMS: {}
---
Wed Sep 10 14:10:32 -0400 2008: HTTP parse error, malformed request (60.172.222.17): #<Mongrel::HttpParserError: Invalid HTTP format, parsing fails.>
Wed Sep 10 14:10:32 -0400 2008: REQUEST DATA: "\005\001\000"
---
PARAMS: {}
---
Wed Sep 10 22:14:02 -0400 2008: HTTP parse error, malformed request (60.172.222.17): #<Mongrel::HttpParserError: Invalid HTTP format, parsing fails.>
Wed Sep 10 22:14:02 -0400 2008: REQUEST DATA: "\004\001\000PH\016\353c\000"
---
PARAMS: {}
---
Wed Sep 10 22:14:02 -0400 2008: HTTP parse error, malformed request (60.172.222.17): #<Mongrel::HttpParserError: Invalid HTTP format, parsing fails.>
Wed Sep 10 22:14:02 -0400 2008: REQUEST DATA: "\005\001\000"
---
PARAMS: {}
---
Thu Sep 11 22:46:17 -0400 2008: HTTP parse error, malformed request (60.172.222.17): #<Mongrel::HttpParserError: Invalid HTTP format, parsing fails.>
Thu Sep 11 22:46:17 -0400 2008: REQUEST DATA: "\004\001\000P@\351\275h\000"
---
PARAMS: {}
---
Thu Sep 11 22:46:18 -0400 2008: HTTP parse error, malformed request (60.172.222.17): #<Mongrel::HttpParserError: Invalid HTTP format, parsing fails.>
Thu Sep 11 22:46:18 -0400 2008: REQUEST DATA: "\005\001\000"
---
PARAMS: {}
---
Fri Sep 12 06:16:41 -0400 2008: HTTP parse error, malformed request (60.172.222.17): #<Mongrel::HttpParserError: Invalid HTTP format, parsing fails.>
Fri Sep 12 06:16:41 -0400 2008: REQUEST DATA: "\004\001\000P@\351\275c\000"
---
PARAMS: {}
---
Fri Sep 12 06:16:42 -0400 2008: HTTP parse error, malformed request (60.172.222.17): #<Mongrel::HttpParserError: Invalid HTTP format, parsing fails.>
Fri Sep 12 06:16:42 -0400 2008: REQUEST DATA: "\005\001\000"
---
PARAMS: {}
---
Sat Sep 13 08:51:16 -0400 2008: HTTP parse error, malformed request (60.172.222.17): #<Mongrel::HttpParserError: Invalid HTTP format, parsing fails.>
Sat Sep 13 08:51:16 -0400 2008: REQUEST DATA: "\004\001\000P@\351\275\223\000"
---
PARAMS: {}
---
Sat Sep 13 08:51:25 -0400 2008: HTTP parse error, malformed request (60.172.222.17): #<Mongrel::HttpParserError: Invalid HTTP format, parsing fails.>
Sat Sep 13 08:51:25 -0400 2008: REQUEST DATA: "\005\001\000"
---
PARAMS: {}
---
Sun Sep 14 00:26:05 -0400 2008: HTTP parse error, malformed request (60.172.222.17): #<Mongrel::HttpParserError: Invalid HTTP format, parsing fails.>
Sun Sep 14 00:26:05 -0400 2008: REQUEST DATA: "\004\001\000P@\351\275\223\000"
---
PARAMS: {}
---
Sun Sep 14 00:26:06 -0400 2008: HTTP parse error, malformed request (60.172.222.17): #<Mongrel::HttpParserError: Invalid HTTP format, parsing fails.>
Sun Sep 14 00:26:06 -0400 2008: REQUEST DATA: "\005\001\000"
---
PARAMS: {}
---
Sun Sep 14 08:06:09 -0400 2008: HTTP parse error, malformed request (60.172.222.17): #<Mongrel::HttpParserError: Invalid HTTP format, parsing fails.>
Sun Sep 14 08:06:09 -0400 2008: REQUEST DATA: "\004\001\000P@\351\275c\000"
---
PARAMS: {}
---
Sun Sep 14 08:06:09 -0400 2008: HTTP parse error, malformed request (60.172.222.17): #<Mongrel::HttpParserError: Invalid HTTP format, parsing fails.>
Sun Sep 14 08:06:09 -0400 2008: REQUEST DATA: "\005\001\000"
---
PARAMS: {}
---
Mon Sep 15 07:17:36 -0400 2008: HTTP parse error, malformed request (60.172.222.17): #<Mongrel::HttpParserError: Invalid HTTP format, parsing fails.>
Mon Sep 15 07:17:36 -0400 2008: REQUEST DATA: "\004\001\000P@\351\275\223\000"
---
PARAMS: {}
---
Mon Sep 15 07:17:36 -0400 2008: HTTP parse error, malformed request (60.172.222.17): #<Mongrel::HttpParserError: Invalid HTTP format, parsing fails.>
Mon Sep 15 07:17:36 -0400 2008: REQUEST DATA: "\005\001\000"
---
PARAMS: {}
---
Tue Sep 16 16:37:10 -0400 2008: HTTP parse error, malformed request (60.172.222.17): #<Mongrel::HttpParserError: Invalid HTTP format, parsing fails.>
Tue Sep 16 16:37:10 -0400 2008: REQUEST DATA: "\005\001\000"
---
PARAMS: {}
---
** Daemonized, any open files are closed.  Look at /home/thearmn/tmp/mongrel.8000.pid and log/mongrel.8000.log for info.
** Starting Mongrel listening at 66.216.93.185:8000
** Initiating groups for "thearmn":"cust".
** Changing group to "cust".
** Changing user to "thearmn".
** Starting Rails with production environment...
** Rails loaded.
** Loading any Rails specific GemPlugins
** Signals ready.  TERM => stop.  USR2 => restart.  INT => stop (no restart).
** Rails signals registered.  HUP => reload (without restart).  It might not work well.
** Mongrel 1.1.1 available at 66.216.93.185:8000
** Writing PID file to /home/thearmn/tmp/mongrel.8000.pid
Wed Sep 17 06:56:39 -0400 2008: HTTP parse error, malformed request (60.172.222.17): #<Mongrel::HttpParserError: Invalid HTTP format, parsing fails.>
Wed Sep 17 06:56:39 -0400 2008: REQUEST DATA: "\005\001\000"
---
PARAMS: {}
---
Thu Sep 18 05:39:30 -0400 2008: HTTP parse error, malformed request (60.172.222.17): #<Mongrel::HttpParserError: Invalid HTTP format, parsing fails.>
Thu Sep 18 05:39:30 -0400 2008: REQUEST DATA: "\004\001\000P@\351\275\223\000"
---
PARAMS: {}
---
Thu Sep 18 05:39:30 -0400 2008: HTTP parse error, malformed request (60.172.222.17): #<Mongrel::HttpParserError: Invalid HTTP format, parsing fails.>
Thu Sep 18 05:39:30 -0400 2008: REQUEST DATA: "\005\001\000"
---
PARAMS: {}
---
Fri Sep 19 08:47:28 -0400 2008: HTTP parse error, malformed request (60.172.222.17): #<Mongrel::HttpParserError: Invalid HTTP format, parsing fails.>
Fri Sep 19 08:47:28 -0400 2008: REQUEST DATA: "\004\001\000P@\351\275c\000"
---
PARAMS: {}
---
Fri Sep 19 08:47:29 -0400 2008: HTTP parse error, malformed request (60.172.222.17): #<Mongrel::HttpParserError: Invalid HTTP format, parsing fails.>
Fri Sep 19 08:47:29 -0400 2008: REQUEST DATA: "\005\001\000"
---
PARAMS: {}
---
** Daemonized, any open files are closed.  Look at /home/thearmn/tmp/mongrel.8000.pid and log/mongrel.8000.log for info.
** Starting Mongrel listening at 66.216.93.185:8000
** Initiating groups for "thearmn":"cust".
** Changing group to "cust".
** Changing user to "thearmn".
** Starting Rails with production environment...
** Rails loaded.
** Loading any Rails specific GemPlugins
** Signals ready.  TERM => stop.  USR2 => restart.  INT => stop (no restart).
** Rails signals registered.  HUP => reload (without restart).  It might not work well.
** Mongrel 1.1.1 available at 66.216.93.185:8000
** Writing PID file to /home/thearmn/tmp/mongrel.8000.pid
Sat Sep 20 11:52:03 -0400 2008: HTTP parse error, malformed request (60.172.222.17): #<Mongrel::HttpParserError: Invalid HTTP format, parsing fails.>
Sat Sep 20 11:52:03 -0400 2008: REQUEST DATA: "\004\001\000P@\351\275\223\000"
---
PARAMS: {}
---
Sat Sep 20 11:52:03 -0400 2008: HTTP parse error, malformed request (60.172.222.17): #<Mongrel::HttpParserError: Invalid HTTP format, parsing fails.>
Sat Sep 20 11:52:03 -0400 2008: REQUEST DATA: "\005\001\000"
---
PARAMS: {}
---
Sun Sep 21 14:57:20 -0400 2008: HTTP parse error, malformed request (60.172.222.17): #<Mongrel::HttpParserError: Invalid HTTP format, parsing fails.>
Sun Sep 21 14:57:20 -0400 2008: REQUEST DATA: "\004\001\000P@\351\275\223\000"
---
PARAMS: {}
---
Sun Sep 21 14:57:20 -0400 2008: HTTP parse error, malformed request (60.172.222.17): #<Mongrel::HttpParserError: Invalid HTTP format, parsing fails.>
Sun Sep 21 14:57:20 -0400 2008: REQUEST DATA: "\005\001\000"
---
PARAMS: {}
---
